{
  "metadata" : {
    "partitions" : 12,
    "deleted" : false
  },
  "partitions" : {
    "persistent://websight/dxp/chaos-topic-partition-10" : {
      "entriesAddedCounter" : 0,
      "numberOfEntries" : 0,
      "totalSize" : 0,
      "currentLedgerEntries" : 0,
      "currentLedgerSize" : 0,
      "lastLedgerCreatedTimestamp" : "2023-08-10T10:43:03.238Z",
      "waitingCursorsCount" : 0,
      "pendingAddEntriesCount" : 0,
      "lastConfirmedEntry" : "520:2",
      "state" : "LedgerOpened",
      "ledgers" : [ {
        "ledgerId" : 535,
        "entries" : 0,
        "size" : 0,
        "offloaded" : false,
        "underReplicated" : false
      } ],
      "cursors" : {
        "python-verify-0" : {
          "markDeletePosition" : "520:-1",
          "readPosition" : "535:0",
          "waitingReadOp" : false,
          "pendingReadOps" : 0,
          "messagesConsumedCounter" : -3,
          "cursorLedger" : -1,
          "cursorLedgerLastEntry" : -1,
          "individuallyDeletedMessages" : "[]",
          "lastLedgerSwitchTimestamp" : "2023-08-10T10:43:03.623Z",
          "state" : "NoLedger",
          "active" : false,
          "numberOfEntriesSinceFirstNotAckedMessage" : 1,
          "totalNonContiguousDeletedMessagesRange" : 0,
          "subscriptionHavePendingRead" : false,
          "subscriptionHavePendingReplayRead" : false,
          "properties" : { }
        },
        "python-consume" : {
          "markDeletePosition" : "520:2",
          "readPosition" : "520:3",
          "waitingReadOp" : false,
          "pendingReadOps" : 0,
          "messagesConsumedCounter" : 0,
          "cursorLedger" : -1,
          "cursorLedgerLastEntry" : -1,
          "individuallyDeletedMessages" : "[]",
          "lastLedgerSwitchTimestamp" : "2023-08-10T10:43:03.352Z",
          "state" : "NoLedger",
          "active" : false,
          "numberOfEntriesSinceFirstNotAckedMessage" : 1,
          "totalNonContiguousDeletedMessagesRange" : 0,
          "subscriptionHavePendingRead" : false,
          "subscriptionHavePendingReplayRead" : false,
          "properties" : { }
        }
      },
      "schemaLedgers" : [ ],
      "compactedLedger" : {
        "ledgerId" : -1,
        "entries" : -1,
        "size" : -1,
        "offloaded" : false,
        "underReplicated" : false
      }
    },
    "persistent://websight/dxp/chaos-topic-partition-3" : {
      "entriesAddedCounter" : 0,
      "numberOfEntries" : 0,
      "totalSize" : 0,
      "currentLedgerEntries" : 0,
      "currentLedgerSize" : 0,
      "lastLedgerCreatedTimestamp" : "2023-08-10T10:43:03.247Z",
      "waitingCursorsCount" : 0,
      "pendingAddEntriesCount" : 0,
      "lastConfirmedEntry" : "526:3",
      "state" : "LedgerOpened",
      "ledgers" : [ {
        "ledgerId" : 542,
        "entries" : 0,
        "size" : 0,
        "offloaded" : false,
        "underReplicated" : false
      } ],
      "cursors" : {
        "python-verify-0" : {
          "markDeletePosition" : "526:-1",
          "readPosition" : "542:0",
          "waitingReadOp" : false,
          "pendingReadOps" : 0,
          "messagesConsumedCounter" : -4,
          "cursorLedger" : -1,
          "cursorLedgerLastEntry" : -1,
          "individuallyDeletedMessages" : "[]",
          "lastLedgerSwitchTimestamp" : "2023-08-10T10:43:03.596Z",
          "state" : "NoLedger",
          "active" : false,
          "numberOfEntriesSinceFirstNotAckedMessage" : 1,
          "totalNonContiguousDeletedMessagesRange" : 0,
          "subscriptionHavePendingRead" : false,
          "subscriptionHavePendingReplayRead" : false,
          "properties" : { }
        },
        "python-consume" : {
          "markDeletePosition" : "526:3",
          "readPosition" : "526:4",
          "waitingReadOp" : false,
          "pendingReadOps" : 0,
          "messagesConsumedCounter" : 0,
          "cursorLedger" : -1,
          "cursorLedgerLastEntry" : -1,
          "individuallyDeletedMessages" : "[]",
          "lastLedgerSwitchTimestamp" : "2023-08-10T10:43:03.352Z",
          "state" : "NoLedger",
          "active" : false,
          "numberOfEntriesSinceFirstNotAckedMessage" : 1,
          "totalNonContiguousDeletedMessagesRange" : 0,
          "subscriptionHavePendingRead" : false,
          "subscriptionHavePendingReplayRead" : false,
          "properties" : { }
        }
      },
      "schemaLedgers" : [ ],
      "compactedLedger" : {
        "ledgerId" : -1,
        "entries" : -1,
        "size" : -1,
        "offloaded" : false,
        "underReplicated" : false
      }
    },
    "persistent://websight/dxp/chaos-topic-partition-11" : {
      "entriesAddedCounter" : 0,
      "numberOfEntries" : 0,
      "totalSize" : 0,
      "currentLedgerEntries" : 0,
      "currentLedgerSize" : 0,
      "lastLedgerCreatedTimestamp" : "2023-08-10T10:43:03.24Z",
      "waitingCursorsCount" : 0,
      "pendingAddEntriesCount" : 0,
      "lastConfirmedEntry" : "528:2",
      "state" : "LedgerOpened",
      "ledgers" : [ {
        "ledgerId" : 538,
        "entries" : 0,
        "size" : 0,
        "offloaded" : false,
        "underReplicated" : false
      } ],
      "cursors" : {
        "python-verify-0" : {
          "markDeletePosition" : "528:-1",
          "readPosition" : "538:0",
          "waitingReadOp" : false,
          "pendingReadOps" : 0,
          "messagesConsumedCounter" : -3,
          "cursorLedger" : -1,
          "cursorLedgerLastEntry" : -1,
          "individuallyDeletedMessages" : "[]",
          "lastLedgerSwitchTimestamp" : "2023-08-10T10:43:03.564Z",
          "state" : "NoLedger",
          "active" : false,
          "numberOfEntriesSinceFirstNotAckedMessage" : 1,
          "totalNonContiguousDeletedMessagesRange" : 0,
          "subscriptionHavePendingRead" : false,
          "subscriptionHavePendingReplayRead" : false,
          "properties" : { }
        },
        "python-consume" : {
          "markDeletePosition" : "528:2",
          "readPosition" : "528:3",
          "waitingReadOp" : false,
          "pendingReadOps" : 0,
          "messagesConsumedCounter" : 0,
          "cursorLedger" : -1,
          "cursorLedgerLastEntry" : -1,
          "individuallyDeletedMessages" : "[]",
          "lastLedgerSwitchTimestamp" : "2023-08-10T10:43:03.366Z",
          "state" : "NoLedger",
          "active" : false,
          "numberOfEntriesSinceFirstNotAckedMessage" : 1,
          "totalNonContiguousDeletedMessagesRange" : 0,
          "subscriptionHavePendingRead" : false,
          "subscriptionHavePendingReplayRead" : false,
          "properties" : { }
        }
      },
      "schemaLedgers" : [ ],
      "compactedLedger" : {
        "ledgerId" : -1,
        "entries" : -1,
        "size" : -1,
        "offloaded" : false,
        "underReplicated" : false
      }
    },
    "persistent://websight/dxp/chaos-topic-partition-2" : {
      "entriesAddedCounter" : 0,
      "numberOfEntries" : 0,
      "totalSize" : 0,
      "currentLedgerEntries" : 0,
      "currentLedgerSize" : 0,
      "lastLedgerCreatedTimestamp" : "2023-08-10T10:43:03.242Z",
      "waitingCursorsCount" : 0,
      "pendingAddEntriesCount" : 0,
      "lastConfirmedEntry" : "521:3",
      "state" : "LedgerOpened",
      "ledgers" : [ {
        "ledgerId" : 537,
        "entries" : 0,
        "size" : 0,
        "offloaded" : false,
        "underReplicated" : false
      } ],
      "cursors" : {
        "python-verify-0" : {
          "markDeletePosition" : "521:-1",
          "readPosition" : "537:0",
          "waitingReadOp" : false,
          "pendingReadOps" : 0,
          "messagesConsumedCounter" : -4,
          "cursorLedger" : -1,
          "cursorLedgerLastEntry" : -1,
          "individuallyDeletedMessages" : "[]",
          "lastLedgerSwitchTimestamp" : "2023-08-10T10:43:03.599Z",
          "state" : "NoLedger",
          "active" : false,
          "numberOfEntriesSinceFirstNotAckedMessage" : 1,
          "totalNonContiguousDeletedMessagesRange" : 0,
          "subscriptionHavePendingRead" : false,
          "subscriptionHavePendingReplayRead" : false,
          "properties" : { }
        },
        "python-consume" : {
          "markDeletePosition" : "521:3",
          "readPosition" : "521:4",
          "waitingReadOp" : false,
          "pendingReadOps" : 0,
          "messagesConsumedCounter" : 0,
          "cursorLedger" : -1,
          "cursorLedgerLastEntry" : -1,
          "individuallyDeletedMessages" : "[]",
          "lastLedgerSwitchTimestamp" : "2023-08-10T10:43:03.413Z",
          "state" : "NoLedger",
          "active" : false,
          "numberOfEntriesSinceFirstNotAckedMessage" : 1,
          "totalNonContiguousDeletedMessagesRange" : 0,
          "subscriptionHavePendingRead" : false,
          "subscriptionHavePendingReplayRead" : false,
          "properties" : { }
        }
      },
      "schemaLedgers" : [ ],
      "compactedLedger" : {
        "ledgerId" : -1,
        "entries" : -1,
        "size" : -1,
        "offloaded" : false,
        "underReplicated" : false
      }
    },
    "persistent://websight/dxp/chaos-topic-partition-1" : {
      "entriesAddedCounter" : 0,
      "numberOfEntries" : 0,
      "totalSize" : 0,
      "currentLedgerEntries" : 0,
      "currentLedgerSize" : 0,
      "lastLedgerCreatedTimestamp" : "2023-08-10T10:43:03.371Z",
      "waitingCursorsCount" : 0,
      "pendingAddEntriesCount" : 0,
      "lastConfirmedEntry" : "504:6",
      "state" : "LedgerOpened",
      "ledgers" : [ {
        "ledgerId" : 554,
        "entries" : 0,
        "size" : 0,
        "offloaded" : false,
        "underReplicated" : false
      } ],
      "cursors" : {
        "python-verify-0" : {
          "markDeletePosition" : "504:-1",
          "readPosition" : "554:0",
          "waitingReadOp" : false,
          "pendingReadOps" : 0,
          "messagesConsumedCounter" : -7,
          "cursorLedger" : -1,
          "cursorLedgerLastEntry" : -1,
          "individuallyDeletedMessages" : "[]",
          "lastLedgerSwitchTimestamp" : "2023-08-10T10:43:03.702Z",
          "state" : "NoLedger",
          "active" : false,
          "numberOfEntriesSinceFirstNotAckedMessage" : 1,
          "totalNonContiguousDeletedMessagesRange" : 0,
          "subscriptionHavePendingRead" : false,
          "subscriptionHavePendingReplayRead" : false,
          "properties" : { }
        },
        "python-consume" : {
          "markDeletePosition" : "504:6",
          "readPosition" : "504:7",
          "waitingReadOp" : false,
          "pendingReadOps" : 0,
          "messagesConsumedCounter" : 0,
          "cursorLedger" : -1,
          "cursorLedgerLastEntry" : -1,
          "individuallyDeletedMessages" : "[]",
          "lastLedgerSwitchTimestamp" : "2023-08-10T10:43:03.465Z",
          "state" : "NoLedger",
          "active" : false,
          "numberOfEntriesSinceFirstNotAckedMessage" : 1,
          "totalNonContiguousDeletedMessagesRange" : 0,
          "subscriptionHavePendingRead" : false,
          "subscriptionHavePendingReplayRead" : false,
          "properties" : { }
        }
      },
      "schemaLedgers" : [ ],
      "compactedLedger" : {
        "ledgerId" : -1,
        "entries" : -1,
        "size" : -1,
        "offloaded" : false,
        "underReplicated" : false
      }
    },
    "persistent://websight/dxp/chaos-topic-partition-0" : {
      "entriesAddedCounter" : 0,
      "numberOfEntries" : 0,
      "totalSize" : 0,
      "currentLedgerEntries" : 0,
      "currentLedgerSize" : 0,
      "lastLedgerCreatedTimestamp" : "2023-08-10T10:43:03.31Z",
      "waitingCursorsCount" : 0,
      "pendingAddEntriesCount" : 0,
      "lastConfirmedEntry" : "485:21",
      "state" : "LedgerOpened",
      "ledgers" : [ {
        "ledgerId" : 549,
        "entries" : 0,
        "size" : 0,
        "offloaded" : false,
        "underReplicated" : false
      } ],
      "cursors" : {
        "python-verify-0" : {
          "markDeletePosition" : "485:-1",
          "readPosition" : "549:0",
          "waitingReadOp" : false,
          "pendingReadOps" : 0,
          "messagesConsumedCounter" : -22,
          "cursorLedger" : -1,
          "cursorLedgerLastEntry" : -1,
          "individuallyDeletedMessages" : "[]",
          "lastLedgerSwitchTimestamp" : "2023-08-10T10:43:03.687Z",
          "state" : "NoLedger",
          "active" : false,
          "numberOfEntriesSinceFirstNotAckedMessage" : 1,
          "totalNonContiguousDeletedMessagesRange" : 0,
          "subscriptionHavePendingRead" : false,
          "subscriptionHavePendingReplayRead" : false,
          "properties" : { }
        },
        "python-consume" : {
          "markDeletePosition" : "485:21",
          "readPosition" : "485:22",
          "waitingReadOp" : false,
          "pendingReadOps" : 0,
          "messagesConsumedCounter" : 0,
          "cursorLedger" : -1,
          "cursorLedgerLastEntry" : -1,
          "individuallyDeletedMessages" : "[]",
          "lastLedgerSwitchTimestamp" : "2023-08-10T10:43:03.407Z",
          "state" : "NoLedger",
          "active" : false,
          "numberOfEntriesSinceFirstNotAckedMessage" : 1,
          "totalNonContiguousDeletedMessagesRange" : 0,
          "subscriptionHavePendingRead" : false,
          "subscriptionHavePendingReplayRead" : false,
          "properties" : { }
        }
      },
      "schemaLedgers" : [ ],
      "compactedLedger" : {
        "ledgerId" : -1,
        "entries" : -1,
        "size" : -1,
        "offloaded" : false,
        "underReplicated" : false
      }
    },
    "persistent://websight/dxp/chaos-topic-partition-7" : {
      "entriesAddedCounter" : 0,
      "numberOfEntries" : 0,
      "totalSize" : 0,
      "currentLedgerEntries" : 0,
      "currentLedgerSize" : 0,
      "lastLedgerCreatedTimestamp" : "2023-08-10T10:43:03.242Z",
      "waitingCursorsCount" : 0,
      "pendingAddEntriesCount" : 0,
      "lastConfirmedEntry" : "524:2",
      "state" : "LedgerOpened",
      "ledgers" : [ {
        "ledgerId" : 540,
        "entries" : 0,
        "size" : 0,
        "offloaded" : false,
        "underReplicated" : false
      } ],
      "cursors" : {
        "python-verify-0" : {
          "markDeletePosition" : "524:-1",
          "readPosition" : "540:0",
          "waitingReadOp" : false,
          "pendingReadOps" : 0,
          "messagesConsumedCounter" : -3,
          "cursorLedger" : -1,
          "cursorLedgerLastEntry" : -1,
          "individuallyDeletedMessages" : "[]",
          "lastLedgerSwitchTimestamp" : "2023-08-10T10:43:03.591Z",
          "state" : "NoLedger",
          "active" : false,
          "numberOfEntriesSinceFirstNotAckedMessage" : 1,
          "totalNonContiguousDeletedMessagesRange" : 0,
          "subscriptionHavePendingRead" : false,
          "subscriptionHavePendingReplayRead" : false,
          "properties" : { }
        },
        "python-consume" : {
          "markDeletePosition" : "524:2",
          "readPosition" : "524:3",
          "waitingReadOp" : false,
          "pendingReadOps" : 0,
          "messagesConsumedCounter" : 0,
          "cursorLedger" : -1,
          "cursorLedgerLastEntry" : -1,
          "individuallyDeletedMessages" : "[]",
          "lastLedgerSwitchTimestamp" : "2023-08-10T10:43:03.427Z",
          "state" : "NoLedger",
          "active" : false,
          "numberOfEntriesSinceFirstNotAckedMessage" : 1,
          "totalNonContiguousDeletedMessagesRange" : 0,
          "subscriptionHavePendingRead" : false,
          "subscriptionHavePendingReplayRead" : false,
          "properties" : { }
        }
      },
      "schemaLedgers" : [ ],
      "compactedLedger" : {
        "ledgerId" : -1,
        "entries" : -1,
        "size" : -1,
        "offloaded" : false,
        "underReplicated" : false
      }
    },
    "persistent://websight/dxp/chaos-topic-partition-6" : {
      "entriesAddedCounter" : 0,
      "numberOfEntries" : 0,
      "totalSize" : 0,
      "currentLedgerEntries" : 0,
      "currentLedgerSize" : 0,
      "lastLedgerCreatedTimestamp" : "2023-08-10T10:43:03.251Z",
      "waitingCursorsCount" : 0,
      "pendingAddEntriesCount" : 0,
      "lastConfirmedEntry" : "522:2",
      "state" : "LedgerOpened",
      "ledgers" : [ {
        "ledgerId" : 546,
        "entries" : 0,
        "size" : 0,
        "offloaded" : false,
        "underReplicated" : false
      } ],
      "cursors" : {
        "python-verify-0" : {
          "markDeletePosition" : "522:-1",
          "readPosition" : "546:0",
          "waitingReadOp" : false,
          "pendingReadOps" : 0,
          "messagesConsumedCounter" : -3,
          "cursorLedger" : -1,
          "cursorLedgerLastEntry" : -1,
          "individuallyDeletedMessages" : "[]",
          "lastLedgerSwitchTimestamp" : "2023-08-10T10:43:03.606Z",
          "state" : "NoLedger",
          "active" : false,
          "numberOfEntriesSinceFirstNotAckedMessage" : 1,
          "totalNonContiguousDeletedMessagesRange" : 0,
          "subscriptionHavePendingRead" : false,
          "subscriptionHavePendingReplayRead" : false,
          "properties" : { }
        },
        "python-consume" : {
          "markDeletePosition" : "522:2",
          "readPosition" : "522:3",
          "waitingReadOp" : false,
          "pendingReadOps" : 0,
          "messagesConsumedCounter" : 0,
          "cursorLedger" : -1,
          "cursorLedgerLastEntry" : -1,
          "individuallyDeletedMessages" : "[]",
          "lastLedgerSwitchTimestamp" : "2023-08-10T10:43:03.42Z",
          "state" : "NoLedger",
          "active" : false,
          "numberOfEntriesSinceFirstNotAckedMessage" : 1,
          "totalNonContiguousDeletedMessagesRange" : 0,
          "subscriptionHavePendingRead" : false,
          "subscriptionHavePendingReplayRead" : false,
          "properties" : { }
        }
      },
      "schemaLedgers" : [ ],
      "compactedLedger" : {
        "ledgerId" : -1,
        "entries" : -1,
        "size" : -1,
        "offloaded" : false,
        "underReplicated" : false
      }
    },
    "persistent://websight/dxp/chaos-topic-partition-5" : {
      "entriesAddedCounter" : 0,
      "numberOfEntries" : 0,
      "totalSize" : 0,
      "currentLedgerEntries" : 0,
      "currentLedgerSize" : 0,
      "lastLedgerCreatedTimestamp" : "2023-08-10T10:43:03.379Z",
      "waitingCursorsCount" : 0,
      "pendingAddEntriesCount" : 0,
      "lastConfirmedEntry" : "505:5",
      "state" : "LedgerOpened",
      "ledgers" : [ {
        "ledgerId" : 558,
        "entries" : 0,
        "size" : 0,
        "offloaded" : false,
        "underReplicated" : false
      } ],
      "cursors" : {
        "python-verify-0" : {
          "markDeletePosition" : "505:-1",
          "readPosition" : "558:0",
          "waitingReadOp" : false,
          "pendingReadOps" : 0,
          "messagesConsumedCounter" : -6,
          "cursorLedger" : -1,
          "cursorLedgerLastEntry" : -1,
          "individuallyDeletedMessages" : "[]",
          "lastLedgerSwitchTimestamp" : "2023-08-10T10:43:03.739Z",
          "state" : "NoLedger",
          "active" : false,
          "numberOfEntriesSinceFirstNotAckedMessage" : 1,
          "totalNonContiguousDeletedMessagesRange" : 0,
          "subscriptionHavePendingRead" : false,
          "subscriptionHavePendingReplayRead" : false,
          "properties" : { }
        },
        "python-consume" : {
          "markDeletePosition" : "505:5",
          "readPosition" : "505:6",
          "waitingReadOp" : false,
          "pendingReadOps" : 0,
          "messagesConsumedCounter" : 0,
          "cursorLedger" : -1,
          "cursorLedgerLastEntry" : -1,
          "individuallyDeletedMessages" : "[]",
          "lastLedgerSwitchTimestamp" : "2023-08-10T10:43:03.464Z",
          "state" : "NoLedger",
          "active" : false,
          "numberOfEntriesSinceFirstNotAckedMessage" : 1,
          "totalNonContiguousDeletedMessagesRange" : 0,
          "subscriptionHavePendingRead" : false,
          "subscriptionHavePendingReplayRead" : false,
          "properties" : { }
        }
      },
      "schemaLedgers" : [ ],
      "compactedLedger" : {
        "ledgerId" : -1,
        "entries" : -1,
        "size" : -1,
        "offloaded" : false,
        "underReplicated" : false
      }
    },
    "persistent://websight/dxp/chaos-topic-partition-4" : {
      "entriesAddedCounter" : 0,
      "numberOfEntries" : 0,
      "totalSize" : 0,
      "currentLedgerEntries" : 0,
      "currentLedgerSize" : 0,
      "lastLedgerCreatedTimestamp" : "2023-08-10T10:43:03.312Z",
      "waitingCursorsCount" : 0,
      "pendingAddEntriesCount" : 0,
      "lastConfirmedEntry" : "484:20",
      "state" : "LedgerOpened",
      "ledgers" : [ {
        "ledgerId" : 552,
        "entries" : 0,
        "size" : 0,
        "offloaded" : false,
        "underReplicated" : false
      } ],
      "cursors" : {
        "python-verify-0" : {
          "markDeletePosition" : "484:-1",
          "readPosition" : "552:0",
          "waitingReadOp" : false,
          "pendingReadOps" : 0,
          "messagesConsumedCounter" : -21,
          "cursorLedger" : -1,
          "cursorLedgerLastEntry" : -1,
          "individuallyDeletedMessages" : "[]",
          "lastLedgerSwitchTimestamp" : "2023-08-10T10:43:03.679Z",
          "state" : "NoLedger",
          "active" : false,
          "numberOfEntriesSinceFirstNotAckedMessage" : 1,
          "totalNonContiguousDeletedMessagesRange" : 0,
          "subscriptionHavePendingRead" : false,
          "subscriptionHavePendingReplayRead" : false,
          "properties" : { }
        },
        "python-consume" : {
          "markDeletePosition" : "484:20",
          "readPosition" : "484:21",
          "waitingReadOp" : false,
          "pendingReadOps" : 0,
          "messagesConsumedCounter" : 0,
          "cursorLedger" : -1,
          "cursorLedgerLastEntry" : -1,
          "individuallyDeletedMessages" : "[]",
          "lastLedgerSwitchTimestamp" : "2023-08-10T10:43:03.452Z",
          "state" : "NoLedger",
          "active" : false,
          "numberOfEntriesSinceFirstNotAckedMessage" : 1,
          "totalNonContiguousDeletedMessagesRange" : 0,
          "subscriptionHavePendingRead" : false,
          "subscriptionHavePendingReplayRead" : false,
          "properties" : { }
        }
      },
      "schemaLedgers" : [ ],
      "compactedLedger" : {
        "ledgerId" : -1,
        "entries" : -1,
        "size" : -1,
        "offloaded" : false,
        "underReplicated" : false
      }
    },
    "persistent://websight/dxp/chaos-topic-partition-9" : {
      "entriesAddedCounter" : 0,
      "numberOfEntries" : 0,
      "totalSize" : 0,
      "currentLedgerEntries" : 0,
      "currentLedgerSize" : 0,
      "lastLedgerCreatedTimestamp" : "2023-08-10T10:43:03.38Z",
      "waitingCursorsCount" : 0,
      "pendingAddEntriesCount" : 0,
      "lastConfirmedEntry" : "506:5",
      "state" : "LedgerOpened",
      "ledgers" : [ {
        "ledgerId" : 559,
        "entries" : 0,
        "size" : 0,
        "offloaded" : false,
        "underReplicated" : false
      } ],
      "cursors" : {
        "python-verify-0" : {
          "markDeletePosition" : "506:-1",
          "readPosition" : "559:0",
          "waitingReadOp" : false,
          "pendingReadOps" : 0,
          "messagesConsumedCounter" : -6,
          "cursorLedger" : -1,
          "cursorLedgerLastEntry" : -1,
          "individuallyDeletedMessages" : "[]",
          "lastLedgerSwitchTimestamp" : "2023-08-10T10:43:03.742Z",
          "state" : "NoLedger",
          "active" : false,
          "numberOfEntriesSinceFirstNotAckedMessage" : 1,
          "totalNonContiguousDeletedMessagesRange" : 0,
          "subscriptionHavePendingRead" : false,
          "subscriptionHavePendingReplayRead" : false,
          "properties" : { }
        },
        "python-consume" : {
          "markDeletePosition" : "506:5",
          "readPosition" : "506:6",
          "waitingReadOp" : false,
          "pendingReadOps" : 0,
          "messagesConsumedCounter" : 0,
          "cursorLedger" : -1,
          "cursorLedgerLastEntry" : -1,
          "individuallyDeletedMessages" : "[]",
          "lastLedgerSwitchTimestamp" : "2023-08-10T10:43:03.472Z",
          "state" : "NoLedger",
          "active" : false,
          "numberOfEntriesSinceFirstNotAckedMessage" : 1,
          "totalNonContiguousDeletedMessagesRange" : 0,
          "subscriptionHavePendingRead" : false,
          "subscriptionHavePendingReplayRead" : false,
          "properties" : { }
        }
      },
      "schemaLedgers" : [ ],
      "compactedLedger" : {
        "ledgerId" : -1,
        "entries" : -1,
        "size" : -1,
        "offloaded" : false,
        "underReplicated" : false
      }
    },
    "persistent://websight/dxp/chaos-topic-partition-8" : {
      "entriesAddedCounter" : 0,
      "numberOfEntries" : 0,
      "totalSize" : 0,
      "currentLedgerEntries" : 0,
      "currentLedgerSize" : 0,
      "lastLedgerCreatedTimestamp" : "2023-08-10T10:43:03.308Z",
      "waitingCursorsCount" : 0,
      "pendingAddEntriesCount" : 0,
      "lastConfirmedEntry" : "483:20",
      "state" : "LedgerOpened",
      "ledgers" : [ {
        "ledgerId" : 548,
        "entries" : 0,
        "size" : 0,
        "offloaded" : false,
        "underReplicated" : false
      } ],
      "cursors" : {
        "python-verify-0" : {
          "markDeletePosition" : "483:-1",
          "readPosition" : "548:0",
          "waitingReadOp" : false,
          "pendingReadOps" : 0,
          "messagesConsumedCounter" : -21,
          "cursorLedger" : -1,
          "cursorLedgerLastEntry" : -1,
          "individuallyDeletedMessages" : "[]",
          "lastLedgerSwitchTimestamp" : "2023-08-10T10:43:03.653Z",
          "state" : "NoLedger",
          "active" : false,
          "numberOfEntriesSinceFirstNotAckedMessage" : 1,
          "totalNonContiguousDeletedMessagesRange" : 0,
          "subscriptionHavePendingRead" : false,
          "subscriptionHavePendingReplayRead" : false,
          "properties" : { }
        },
        "python-consume" : {
          "markDeletePosition" : "483:20",
          "readPosition" : "483:21",
          "waitingReadOp" : false,
          "pendingReadOps" : 0,
          "messagesConsumedCounter" : 0,
          "cursorLedger" : -1,
          "cursorLedgerLastEntry" : -1,
          "individuallyDeletedMessages" : "[]",
          "lastLedgerSwitchTimestamp" : "2023-08-10T10:43:03.393Z",
          "state" : "NoLedger",
          "active" : false,
          "numberOfEntriesSinceFirstNotAckedMessage" : 1,
          "totalNonContiguousDeletedMessagesRange" : 0,
          "subscriptionHavePendingRead" : false,
          "subscriptionHavePendingReplayRead" : false,
          "properties" : { }
        }
      },
      "schemaLedgers" : [ ],
      "compactedLedger" : {
        "ledgerId" : -1,
        "entries" : -1,
        "size" : -1,
        "offloaded" : false,
        "underReplicated" : false
      }
    }
  }
}
