2023-08-09 21:16:38.477 INFO  [0x115adce00] Client:90 | Subscribing on Topic :websight/dxp/chaos-topic
2023-08-09 21:16:38.478 INFO  [0x115adce00] ClientConnection:184 | [<none> -> pulsar://localhost:6650] Create ClientConnection, timeout=10000
2023-08-09 21:16:38.478 INFO  [0x115adce00] ConnectionPool:106 | Created connection for pulsar://localhost:6650
2023-08-09 21:16:38.483 INFO  [0x7000070a0000] ClientConnection:382 | [[::1]:58153 -> [::1]:6650] Connected to broker
2023-08-09 21:16:39.167 INFO  [0x7000070a0000] HandlerBase:72 | [0x7fc9ded485f8, python-consume, 0] Getting connection from pool
2023-08-09 21:16:39.167 INFO  [0x7000070a0000] HandlerBase:72 | [0x7fc9ded48658, python-consume, 1] Getting connection from pool
2023-08-09 21:16:39.167 INFO  [0x7000070a0000] HandlerBase:72 | [0x7fc9ded474e8, python-consume, 2] Getting connection from pool
2023-08-09 21:16:39.167 INFO  [0x7000070a0000] HandlerBase:72 | [0x7fc9ded47ee8, python-consume, 3] Getting connection from pool
2023-08-09 21:16:39.167 INFO  [0x7000070a0000] HandlerBase:72 | [0x7fc9ded40188, python-consume, 4] Getting connection from pool
2023-08-09 21:16:39.167 INFO  [0x7000070a0000] HandlerBase:72 | [0x7fc9ded41678, python-consume, 5] Getting connection from pool
2023-08-09 21:16:39.167 INFO  [0x7000070a0000] HandlerBase:72 | [0x7fc9ded44bd8, python-consume, 6] Getting connection from pool
2023-08-09 21:16:39.168 INFO  [0x7000070a0000] HandlerBase:72 | [0x7fc9ded49628, python-consume, 7] Getting connection from pool
2023-08-09 21:16:39.168 INFO  [0x7000070a0000] HandlerBase:72 | [0x7fc9ded49de8, python-consume, 8] Getting connection from pool
2023-08-09 21:16:39.168 INFO  [0x7000070a0000] HandlerBase:72 | [0x7fc9ded4a528, python-consume, 9] Getting connection from pool
2023-08-09 21:16:39.168 INFO  [0x7000070a0000] HandlerBase:72 | [0x7fc9ded4ace8, python-consume, 10] Getting connection from pool
2023-08-09 21:16:39.168 INFO  [0x7000070a0000] HandlerBase:72 | [0x7fc9ded4b428, python-consume, 11] Getting connection from pool
2023-08-09 21:16:39.308 INFO  [0x7000070a0000] ClientConnection:184 | [<none> -> pulsar://localhost:6650] Create ClientConnection, timeout=10000
2023-08-09 21:16:39.308 INFO  [0x7000070a0000] ConnectionPool:106 | Created connection for pulsar://pulsar-broker-0.pulsar-broker.pulsar.svc.cluster.local:6650
2023-08-09 21:16:39.309 INFO  [0x7000070a0000] ClientConnection:184 | [<none> -> pulsar://localhost:6650] Create ClientConnection, timeout=10000
2023-08-09 21:16:39.309 INFO  [0x7000070a0000] ConnectionPool:106 | Created connection for pulsar://pulsar-broker-2.pulsar-broker.pulsar.svc.cluster.local:6650
2023-08-09 21:16:39.309 INFO  [0x7000070a0000] ClientConnection:184 | [<none> -> pulsar://localhost:6650] Create ClientConnection, timeout=10000
2023-08-09 21:16:39.309 INFO  [0x7000070a0000] ConnectionPool:106 | Created connection for pulsar://pulsar-broker-1.pulsar-broker.pulsar.svc.cluster.local:6650
2023-08-09 21:16:39.310 INFO  [0x7000070a0000] ClientConnection:384 | [[::1]:58156 -> [::1]:6650] Connected to broker through proxy. Logical broker: pulsar://pulsar-broker-0.pulsar-broker.pulsar.svc.cluster.local:6650
2023-08-09 21:16:39.310 INFO  [0x7000070a0000] ClientConnection:384 | [[::1]:58158 -> [::1]:6650] Connected to broker through proxy. Logical broker: pulsar://pulsar-broker-2.pulsar-broker.pulsar.svc.cluster.local:6650
2023-08-09 21:16:39.311 INFO  [0x7000070a0000] ClientConnection:384 | [[::1]:58160 -> [::1]:6650] Connected to broker through proxy. Logical broker: pulsar://pulsar-broker-1.pulsar-broker.pulsar.svc.cluster.local:6650
2023-08-09 21:16:39.954 INFO  [0x7000070a0000] ConsumerImpl:282 | [0x7fc9ded44bd8, python-consume, 6] Created consumer on broker [[::1]:58160 -> [::1]:6650] 
2023-08-09 21:16:39.954 INFO  [0x7000070a0000] MultiTopicsConsumerImpl:304 | Successfully Subscribed to a single partition of topic in TopicsConsumer. Partitions need to create : 11
2023-08-09 21:16:39.956 INFO  [0x7000070a0000] ConsumerImpl:282 | [0x7fc9ded474e8, python-consume, 2] Created consumer on broker [[::1]:58160 -> [::1]:6650] 
2023-08-09 21:16:39.956 INFO  [0x7000070a0000] MultiTopicsConsumerImpl:304 | Successfully Subscribed to a single partition of topic in TopicsConsumer. Partitions need to create : 10
2023-08-09 21:16:39.956 INFO  [0x7000070a0000] ConsumerImpl:282 | [0x7fc9ded4ace8, python-consume, 10] Created consumer on broker [[::1]:58160 -> [::1]:6650] 
2023-08-09 21:16:39.956 INFO  [0x7000070a0000] MultiTopicsConsumerImpl:304 | Successfully Subscribed to a single partition of topic in TopicsConsumer. Partitions need to create : 9
2023-08-09 21:16:39.997 INFO  [0x7000070a0000] ConsumerImpl:282 | [0x7fc9ded40188, python-consume, 4] Created consumer on broker [[::1]:58156 -> [::1]:6650] 
2023-08-09 21:16:39.997 INFO  [0x7000070a0000] MultiTopicsConsumerImpl:304 | Successfully Subscribed to a single partition of topic in TopicsConsumer. Partitions need to create : 8
2023-08-09 21:16:39.998 INFO  [0x7000070a0000] ConsumerImpl:282 | [0x7fc9ded48658, python-consume, 1] Created consumer on broker [[::1]:58158 -> [::1]:6650] 
2023-08-09 21:16:39.998 INFO  [0x7000070a0000] MultiTopicsConsumerImpl:304 | Successfully Subscribed to a single partition of topic in TopicsConsumer. Partitions need to create : 7
2023-08-09 21:16:40.083 INFO  [0x7000070a0000] ConsumerImpl:282 | [0x7fc9ded41678, python-consume, 5] Created consumer on broker [[::1]:58158 -> [::1]:6650] 
2023-08-09 21:16:40.083 INFO  [0x7000070a0000] MultiTopicsConsumerImpl:304 | Successfully Subscribed to a single partition of topic in TopicsConsumer. Partitions need to create : 6
2023-08-09 21:16:40.083 INFO  [0x7000070a0000] ConsumerImpl:282 | [0x7fc9ded47ee8, python-consume, 3] Created consumer on broker [[::1]:58156 -> [::1]:6650] 
2023-08-09 21:16:40.083 INFO  [0x7000070a0000] MultiTopicsConsumerImpl:304 | Successfully Subscribed to a single partition of topic in TopicsConsumer. Partitions need to create : 5
2023-08-09 21:16:40.083 INFO  [0x7000070a0000] ConsumerImpl:282 | [0x7fc9ded485f8, python-consume, 0] Created consumer on broker [[::1]:58156 -> [::1]:6650] 
2023-08-09 21:16:40.084 INFO  [0x7000070a0000] MultiTopicsConsumerImpl:304 | Successfully Subscribed to a single partition of topic in TopicsConsumer. Partitions need to create : 4
2023-08-09 21:16:40.084 INFO  [0x7000070a0000] ConsumerImpl:282 | [0x7fc9ded4b428, python-consume, 11] Created consumer on broker [[::1]:58156 -> [::1]:6650] 
2023-08-09 21:16:40.084 INFO  [0x7000070a0000] MultiTopicsConsumerImpl:304 | Successfully Subscribed to a single partition of topic in TopicsConsumer. Partitions need to create : 3
2023-08-09 21:16:40.084 INFO  [0x7000070a0000] ConsumerImpl:282 | [0x7fc9ded49de8, python-consume, 8] Created consumer on broker [[::1]:58156 -> [::1]:6650] 
2023-08-09 21:16:40.084 INFO  [0x7000070a0000] MultiTopicsConsumerImpl:304 | Successfully Subscribed to a single partition of topic in TopicsConsumer. Partitions need to create : 2
2023-08-09 21:16:40.084 INFO  [0x7000070a0000] ConsumerImpl:282 | [0x7fc9ded49628, python-consume, 7] Created consumer on broker [[::1]:58156 -> [::1]:6650] 
2023-08-09 21:16:40.084 INFO  [0x7000070a0000] MultiTopicsConsumerImpl:304 | Successfully Subscribed to a single partition of topic in TopicsConsumer. Partitions need to create : 1
2023-08-09 21:16:40.084 INFO  [0x7000070a0000] ConsumerImpl:282 | [0x7fc9ded4a528, python-consume, 9] Created consumer on broker [[::1]:58158 -> [::1]:6650] 
2023-08-09 21:16:40.084 INFO  [0x7000070a0000] MultiTopicsConsumerImpl:304 | Successfully Subscribed to a single partition of topic in TopicsConsumer. Partitions need to create : 0
2023-08-09 21:16:40.084 INFO  [0x7000070a0000] MultiTopicsConsumerImpl:146 | Successfully Subscribed to Topics
2023-08-09 21:17:09.024 INFO  [0x7000070a0000] ConsumerImpl:1202 | Broker notification of Closed consumer: 0
2023-08-09 21:17:09.024 INFO  [0x7000070a0000] HandlerBase:149 | [0x7fc9ded485f8, python-consume, 0] Schedule reconnection in 0.1 s
2023-08-09 21:17:09.035 INFO  [0x7000070a0000] ConsumerImpl:1202 | Broker notification of Closed consumer: 8
2023-08-09 21:17:09.035 INFO  [0x7000070a0000] HandlerBase:149 | [0x7fc9ded49de8, python-consume, 8] Schedule reconnection in 0.1 s
2023-08-09 21:17:09.039 INFO  [0x7000070a0000] ConsumerImpl:1202 | Broker notification of Closed consumer: 4
2023-08-09 21:17:09.039 INFO  [0x7000070a0000] HandlerBase:149 | [0x7fc9ded40188, python-consume, 4] Schedule reconnection in 0.1 s
2023-08-09 21:17:09.083 INFO  [0x7000070a0000] ConsumerImpl:1202 | Broker notification of Closed consumer: 7
2023-08-09 21:17:09.083 INFO  [0x7000070a0000] HandlerBase:149 | [0x7fc9ded49628, python-consume, 7] Schedule reconnection in 0.1 s
2023-08-09 21:17:09.083 INFO  [0x7000070a0000] ConsumerImpl:1202 | Broker notification of Closed consumer: 11
2023-08-09 21:17:09.083 INFO  [0x7000070a0000] HandlerBase:149 | [0x7fc9ded4b428, python-consume, 11] Schedule reconnection in 0.1 s
2023-08-09 21:17:09.083 INFO  [0x7000070a0000] ConsumerImpl:1202 | Broker notification of Closed consumer: 3
2023-08-09 21:17:09.083 INFO  [0x7000070a0000] HandlerBase:149 | [0x7fc9ded47ee8, python-consume, 3] Schedule reconnection in 0.1 s
2023-08-09 21:17:09.125 INFO  [0x7000070a0000] HandlerBase:72 | [0x7fc9ded485f8, python-consume, 0] Getting connection from pool
2023-08-09 21:17:09.135 INFO  [0x7000070a0000] HandlerBase:72 | [0x7fc9ded49de8, python-consume, 8] Getting connection from pool
2023-08-09 21:17:09.139 INFO  [0x7000070a0000] HandlerBase:72 | [0x7fc9ded40188, python-consume, 4] Getting connection from pool
2023-08-09 21:17:09.187 INFO  [0x7000070a0000] HandlerBase:72 | [0x7fc9ded49628, python-consume, 7] Getting connection from pool
2023-08-09 21:17:09.187 INFO  [0x7000070a0000] HandlerBase:72 | [0x7fc9ded4b428, python-consume, 11] Getting connection from pool
2023-08-09 21:17:09.187 INFO  [0x7000070a0000] HandlerBase:72 | [0x7fc9ded47ee8, python-consume, 3] Getting connection from pool
2023-08-09 21:17:09.439 INFO  [0x7000070a0000] ConsumerImpl:282 | [0x7fc9ded40188, python-consume, 4] Created consumer on broker [[::1]:58160 -> [::1]:6650] 
2023-08-09 21:17:09.440 INFO  [0x7000070a0000] ConsumerImpl:282 | [0x7fc9ded49de8, python-consume, 8] Created consumer on broker [[::1]:58160 -> [::1]:6650] 
2023-08-09 21:17:09.440 INFO  [0x7000070a0000] ConsumerImpl:282 | [0x7fc9ded485f8, python-consume, 0] Created consumer on broker [[::1]:58160 -> [::1]:6650] 
2023-08-09 21:17:09.516 INFO  [0x7000070a0000] ConsumerImpl:282 | [0x7fc9ded47ee8, python-consume, 3] Created consumer on broker [[::1]:58158 -> [::1]:6650] 
2023-08-09 21:17:09.516 INFO  [0x7000070a0000] ConsumerImpl:282 | [0x7fc9ded4b428, python-consume, 11] Created consumer on broker [[::1]:58158 -> [::1]:6650] 
2023-08-09 21:17:09.516 INFO  [0x7000070a0000] ConsumerImpl:282 | [0x7fc9ded49628, python-consume, 7] Created consumer on broker [[::1]:58158 -> [::1]:6650] 
2023-08-09 21:17:10.149 ERROR [0x7000070a0000] ClientConnection:616 | [[::1]:58156 -> [::1]:6650] Read operation failed: End of file
2023-08-09 21:17:10.150 ERROR [0x7000070a0000] ClientConnection:1203 | [[::1]:58156 -> [::1]:6650] Connection closed with ConnectError
2023-08-09 21:17:10.150 INFO  [0x7000070a0000] ClientConnection:263 | [[::1]:58156 -> [::1]:6650] Destroyed connection
Received message: 'b'verification-message''
Received message: 'b'hello-pulsar-0''
Received message: 'b'hello-pulsar-1''
Received message: 'b'hello-pulsar-2''
Received message: 'b'hello-pulsar-3''
Received message: 'b'hello-pulsar-4''
Received message: 'b'hello-pulsar-5''
Received message: 'b'hello-pulsar-6''
Received message: 'b'hello-pulsar-7''
Received message: 'b'hello-pulsar-8''
Received message: 'b'hello-pulsar-9''
Received message: 'b'hello-pulsar-10''
Received message: 'b'hello-pulsar-11''
Received message: 'b'hello-pulsar-12''
Received message: 'b'hello-pulsar-13''
Received message: 'b'hello-pulsar-14''
Received message: 'b'hello-pulsar-15''
Received message: 'b'hello-pulsar-16''
Received message: 'b'hello-pulsar-17''
Received message: 'b'hello-pulsar-18''
Received message: 'b'hello-pulsar-19''
Received message: 'b'hello-pulsar-20''
Received message: 'b'hello-pulsar-21''
Received message: 'b'hello-pulsar-22''
Received message: 'b'hello-pulsar-23''
Received message: 'b'hello-pulsar-24''
Received message: 'b'hello-pulsar-25''
Received message: 'b'hello-pulsar-26''
Received message: 'b'hello-pulsar-27''
Received message: 'b'hello-pulsar-28''
Received message: 'b'hello-pulsar-29''
Received message: 'b'hello-pulsar-30''
Received message: 'b'hello-pulsar-31''
Received message: 'b'hello-pulsar-32''
Received message: 'b'hello-pulsar-33''
Received message: 'b'hello-pulsar-34''
Received message: 'b'hello-pulsar-35''
Received message: 'b'hello-pulsar-36''
Received message: 'b'hello-pulsar-37''
Received message: 'b'hello-pulsar-38''
Received message: 'b'hello-pulsar-39''
Received message: 'b'hello-pulsar-40''
Received message: 'b'hello-pulsar-41''
Received message: 'b'hello-pulsar-42''
Received message: 'b'hello-pulsar-43''
Received message: 'b'hello-pulsar-44''
Received message: 'b'hello-pulsar-45''
Received message: 'b'hello-pulsar-46''
Received message: 'b'hello-pulsar-47''
Received message: 'b'hello-pulsar-48''
Received message: 'b'hello-pulsar-49''
Received message: 'b'hello-pulsar-50''
Received message: 'b'hello-pulsar-51''
Received message: 'b'hello-pulsar-52''
Received message: 'b'hello-pulsar-53''
Received message: 'b'hello-pulsar-54''
Received message: 'b'hello-pulsar-55''
Received message: 'b'hello-pulsar-56''
Received message: 'b'hello-pulsar-57''
Received message: 'b'hello-pulsar-58''
Received message: 'b'hello-pulsar-59''
Received message: 'b'hello-pulsar-60''
Received message: 'b'hello-pulsar-61''
Received message: 'b'hello-pulsar-62''
Received message: 'b'hello-pulsar-63''
Received message: 'b'hello-pulsar-64''
Received message: 'b'hello-pulsar-65''
Received message: 'b'hello-pulsar-66''
Received message: 'b'hello-pulsar-67''
Received message: 'b'hello-pulsar-68''
Received message: 'b'hello-pulsar-69''
Received message: 'b'hello-pulsar-70''
Received message: 'b'hello-pulsar-71''
Received message: 'b'hello-pulsar-72''
Received message: 'b'hello-pulsar-73''
Received message: 'b'hello-pulsar-74''
Received message: 'b'hello-pulsar-75''
Received message: 'b'hello-pulsar-76''
Received message: 'b'hello-pulsar-77''
Received message: 'b'hello-pulsar-78''
Received message: 'b'hello-pulsar-79''
Received message: 'b'hello-pulsar-80''
Received message: 'b'hello-pulsar-81''
Received message: 'b'hello-pulsar-82''
Received message: 'b'hello-pulsar-83''
Received message: 'b'hello-pulsar-84''
Received message: 'b'hello-pulsar-85''
Received message: 'b'hello-pulsar-86''
Received message: 'b'hello-pulsar-87''
Received message: 'b'hello-pulsar-88''
Received message: 'b'hello-pulsar-89''
Received message: 'b'hello-pulsar-90''
Received message: 'b'hello-pulsar-91''
Received message: 'b'hello-pulsar-92''
Received message: 'b'hello-pulsar-93''
Received message: 'b'hello-pulsar-94''
Received message: 'b'hello-pulsar-95''
Received message: 'b'hello-pulsar-96''
Received message: 'b'hello-pulsar-97''
Received message: 'b'hello-pulsar-98''
Received message: 'b'hello-pulsar-99''
Received message: 'b'hello-pulsar-100''
Received message: 'b'hello-pulsar-101''
Received message: 'b'hello-pulsar-102''
Received message: 'b'hello-pulsar-103''
Received message: 'b'hello-pulsar-104''
Received message: 'b'hello-pulsar-105''
Received message: 'b'hello-pulsar-106''
Received message: 'b'hello-pulsar-107''
Received message: 'b'hello-pulsar-108''
Received message: 'b'hello-pulsar-109''
Received message: 'b'hello-pulsar-110''
Received message: 'b'hello-pulsar-111''
Received message: 'b'hello-pulsar-112''
Received message: 'b'hello-pulsar-113''
Received message: 'b'hello-pulsar-114''
Received message: 'b'hello-pulsar-115''
Received message: 'b'hello-pulsar-116''
Received message: 'b'hello-pulsar-117''
Received message: 'b'hello-pulsar-118''
Received message: 'b'hello-pulsar-119''
Received message: 'b'hello-pulsar-120''
Received message: 'b'hello-pulsar-121''
Received message: 'b'hello-pulsar-122''
Received message: 'b'hello-pulsar-123''
Received message: 'b'hello-pulsar-124''
Received message: 'b'hello-pulsar-125''
Received message: 'b'hello-pulsar-126''
Received message: 'b'hello-pulsar-127''
Received message: 'b'hello-pulsar-128''
Received message: 'b'hello-pulsar-129''
Received message: 'b'hello-pulsar-130''
Received message: 'b'hello-pulsar-131''
Received message: 'b'hello-pulsar-132''
Received message: 'b'hello-pulsar-133''
Received message: 'b'hello-pulsar-134''
Received message: 'b'hello-pulsar-135''
Received message: 'b'hello-pulsar-136''
Received message: 'b'hello-pulsar-137''
Received message: 'b'hello-pulsar-138''
Received message: 'b'hello-pulsar-139''
Received message: 'b'hello-pulsar-140''
Received message: 'b'hello-pulsar-141''
Received message: 'b'hello-pulsar-142''
Received message: 'b'hello-pulsar-143''
Received message: 'b'hello-pulsar-144''
Received message: 'b'hello-pulsar-145''
Received message: 'b'hello-pulsar-146''
Received message: 'b'hello-pulsar-147''
Received message: 'b'hello-pulsar-148''
Received message: 'b'hello-pulsar-149''
Received message: 'b'hello-pulsar-150''
Received message: 'b'hello-pulsar-151''
Received message: 'b'hello-pulsar-152''
Received message: 'b'hello-pulsar-153''
Received message: 'b'hello-pulsar-154''
Received message: 'b'hello-pulsar-155''
Received message: 'b'hello-pulsar-156''
Received message: 'b'hello-pulsar-157''
Received message: 'b'hello-pulsar-158''
Received message: 'b'hello-pulsar-159''
Received message: 'b'hello-pulsar-160''
Received message: 'b'hello-pulsar-161''
Received message: 'b'hello-pulsar-162''
Received message: 'b'hello-pulsar-163''
Received message: 'b'hello-pulsar-164''
Received message: 'b'hello-pulsar-165''
Received message: 'b'hello-pulsar-166''
Received message: 'b'hello-pulsar-167''
Received message: 'b'hello-pulsar-168''
Received message: 'b'hello-pulsar-169''
Received message: 'b'hello-pulsar-170''
Received message: 'b'hello-pulsar-171''
Received message: 'b'hello-pulsar-172''
Received message: 'b'hello-pulsar-173''
Received message: 'b'hello-pulsar-174''
Received message: 'b'hello-pulsar-175''
Received message: 'b'hello-pulsar-176''
Received message: 'b'hello-pulsar-177''
Received message: 'b'hello-pulsar-178''
Received message: 'b'hello-pulsar-179''
Received message: 'b'hello-pulsar-180''
Received message: 'b'hello-pulsar-181''
Received message: 'b'hello-pulsar-182''
Received message: 'b'hello-pulsar-183''
Received message: 'b'hello-pulsar-184''
Received message: 'b'hello-pulsar-185''
Received message: 'b'hello-pulsar-186''
Received message: 'b'hello-pulsar-187''
Received message: 'b'hello-pulsar-188''
Received message: 'b'hello-pulsar-189''
Received message: 'b'hello-pulsar-190''
Received message: 'b'hello-pulsar-191''
Received message: 'b'hello-pulsar-192''
Received message: 'b'hello-pulsar-193''
Received message: 'b'hello-pulsar-194''
Received message: 'b'hello-pulsar-195''
Received message: 'b'hello-pulsar-194''
Received message: 'b'hello-pulsar-196''
Received message: 'b'hello-pulsar-197''
Received message: 'b'hello-pulsar-198''
Received message: 'b'hello-pulsar-199''
Received message: 'b'hello-pulsar-200''
Received message: 'b'hello-pulsar-201''
Received message: 'b'hello-pulsar-202''
Received message: 'b'hello-pulsar-203''
Received message: 'b'hello-pulsar-204''
2023-08-09 21:17:20.456 INFO  [0x7000070a0000] ConsumerImpl:1202 | Broker notification of Closed consumer: 0
2023-08-09 21:17:20.456 INFO  [0x7000070a0000] HandlerBase:149 | [0x7fc9ded485f8, python-consume, 0] Schedule reconnection in 0.1 s
2023-08-09 21:17:20.457 INFO  [0x7000070a0000] ConsumerImpl:1202 | Broker notification of Closed consumer: 8
2023-08-09 21:17:20.457 INFO  [0x7000070a0000] HandlerBase:149 | [0x7fc9ded49de8, python-consume, 8] Schedule reconnection in 0.1 s
2023-08-09 21:17:20.461 INFO  [0x7000070a0000] ConsumerImpl:1202 | Broker notification of Closed consumer: 4
2023-08-09 21:17:20.461 INFO  [0x7000070a0000] HandlerBase:149 | [0x7fc9ded40188, python-consume, 4] Schedule reconnection in 0.1 s
2023-08-09 21:17:20.536 INFO  [0x7000070a0000] ConsumerImpl:1202 | Broker notification of Closed consumer: 6
2023-08-09 21:17:20.536 INFO  [0x7000070a0000] HandlerBase:149 | [0x7fc9ded44bd8, python-consume, 6] Schedule reconnection in 0.1 s
2023-08-09 21:17:20.542 INFO  [0x7000070a0000] ConsumerImpl:1202 | Broker notification of Closed consumer: 10
2023-08-09 21:17:20.542 INFO  [0x7000070a0000] HandlerBase:149 | [0x7fc9ded4ace8, python-consume, 10] Schedule reconnection in 0.1 s
2023-08-09 21:17:20.542 INFO  [0x7000070a0000] ConsumerImpl:1202 | Broker notification of Closed consumer: 2
2023-08-09 21:17:20.542 INFO  [0x7000070a0000] HandlerBase:149 | [0x7fc9ded474e8, python-consume, 2] Schedule reconnection in 0.1 s
2023-08-09 21:17:20.559 INFO  [0x7000070a0000] HandlerBase:72 | [0x7fc9ded485f8, python-consume, 0] Getting connection from pool
2023-08-09 21:17:20.559 INFO  [0x7000070a0000] HandlerBase:72 | [0x7fc9ded49de8, python-consume, 8] Getting connection from pool
2023-08-09 21:17:20.561 INFO  [0x7000070a0000] HandlerBase:72 | [0x7fc9ded40188, python-consume, 4] Getting connection from pool
2023-08-09 21:17:20.641 INFO  [0x7000070a0000] HandlerBase:72 | [0x7fc9ded44bd8, python-consume, 6] Getting connection from pool
2023-08-09 21:17:20.642 INFO  [0x7000070a0000] HandlerBase:72 | [0x7fc9ded4ace8, python-consume, 10] Getting connection from pool
2023-08-09 21:17:20.643 INFO  [0x7000070a0000] HandlerBase:72 | [0x7fc9ded474e8, python-consume, 2] Getting connection from pool
2023-08-09 21:17:20.895 INFO  [0x7000070a0000] ConsumerImpl:282 | [0x7fc9ded485f8, python-consume, 0] Created consumer on broker [[::1]:58158 -> [::1]:6650] 
2023-08-09 21:17:20.895 INFO  [0x7000070a0000] ConsumerImpl:282 | [0x7fc9ded49de8, python-consume, 8] Created consumer on broker [[::1]:58158 -> [::1]:6650] 
2023-08-09 21:17:20.895 INFO  [0x7000070a0000] ConsumerImpl:282 | [0x7fc9ded40188, python-consume, 4] Created consumer on broker [[::1]:58158 -> [::1]:6650] 
2023-08-09 21:17:20.926 INFO  [0x7000070a0000] ConsumerImpl:282 | [0x7fc9ded44bd8, python-consume, 6] Created consumer on broker [[::1]:58158 -> [::1]:6650] 
2023-08-09 21:17:20.926 INFO  [0x7000070a0000] ConsumerImpl:282 | [0x7fc9ded4ace8, python-consume, 10] Created consumer on broker [[::1]:58158 -> [::1]:6650] 
2023-08-09 21:17:20.927 INFO  [0x7000070a0000] ConsumerImpl:282 | [0x7fc9ded474e8, python-consume, 2] Created consumer on broker [[::1]:58158 -> [::1]:6650] 
2023-08-09 21:17:21.590 ERROR [0x7000070a0000] ClientConnection:616 | [[::1]:58160 -> [::1]:6650] Read operation failed: End of file
2023-08-09 21:17:21.590 ERROR [0x7000070a0000] ClientConnection:1203 | [[::1]:58160 -> [::1]:6650] Connection closed with ConnectError
2023-08-09 21:17:21.590 INFO  [0x7000070a0000] ClientConnection:263 | [[::1]:58160 -> [::1]:6650] Destroyed connection
2023-08-09 21:17:32.670 INFO  [0x7000070a0000] ConsumerImpl:1202 | Broker notification of Closed consumer: 0
2023-08-09 21:17:32.670 INFO  [0x7000070a0000] HandlerBase:149 | [0x7fc9ded485f8, python-consume, 0] Schedule reconnection in 0.1 s
2023-08-09 21:17:32.672 INFO  [0x7000070a0000] ConsumerImpl:1202 | Broker notification of Closed consumer: 8
2023-08-09 21:17:32.672 INFO  [0x7000070a0000] HandlerBase:149 | [0x7fc9ded49de8, python-consume, 8] Schedule reconnection in 0.1 s
2023-08-09 21:17:32.675 INFO  [0x7000070a0000] ConsumerImpl:1202 | Broker notification of Closed consumer: 4
2023-08-09 21:17:32.675 INFO  [0x7000070a0000] HandlerBase:149 | [0x7fc9ded40188, python-consume, 4] Schedule reconnection in 0.1 s
2023-08-09 21:17:32.731 INFO  [0x7000070a0000] ConsumerImpl:1202 | Broker notification of Closed consumer: 1
2023-08-09 21:17:32.731 INFO  [0x7000070a0000] HandlerBase:149 | [0x7fc9ded48658, python-consume, 1] Schedule reconnection in 0.1 s
2023-08-09 21:17:32.731 INFO  [0x7000070a0000] ConsumerImpl:1202 | Broker notification of Closed consumer: 9
2023-08-09 21:17:32.731 INFO  [0x7000070a0000] HandlerBase:149 | [0x7fc9ded4a528, python-consume, 9] Schedule reconnection in 0.1 s
2023-08-09 21:17:32.731 INFO  [0x7000070a0000] ConsumerImpl:1202 | Broker notification of Closed consumer: 5
2023-08-09 21:17:32.731 INFO  [0x7000070a0000] HandlerBase:149 | [0x7fc9ded41678, python-consume, 5] Schedule reconnection in 0.1 s
2023-08-09 21:17:32.752 INFO  [0x7000070a0000] ConsumerImpl:1202 | Broker notification of Closed consumer: 7
2023-08-09 21:17:32.753 INFO  [0x7000070a0000] HandlerBase:149 | [0x7fc9ded49628, python-consume, 7] Schedule reconnection in 0.1 s
2023-08-09 21:17:32.753 INFO  [0x7000070a0000] ConsumerImpl:1202 | Broker notification of Closed consumer: 11
2023-08-09 21:17:32.753 INFO  [0x7000070a0000] HandlerBase:149 | [0x7fc9ded4b428, python-consume, 11] Schedule reconnection in 0.1 s
2023-08-09 21:17:32.760 INFO  [0x7000070a0000] ConsumerImpl:1202 | Broker notification of Closed consumer: 3
2023-08-09 21:17:32.760 INFO  [0x7000070a0000] HandlerBase:149 | [0x7fc9ded47ee8, python-consume, 3] Schedule reconnection in 0.1 s
2023-08-09 21:17:32.771 INFO  [0x7000070a0000] HandlerBase:72 | [0x7fc9ded485f8, python-consume, 0] Getting connection from pool
2023-08-09 21:17:32.772 INFO  [0x7000070a0000] HandlerBase:72 | [0x7fc9ded49de8, python-consume, 8] Getting connection from pool
2023-08-09 21:17:32.776 INFO  [0x7000070a0000] HandlerBase:72 | [0x7fc9ded40188, python-consume, 4] Getting connection from pool
2023-08-09 21:17:32.783 INFO  [0x7000070a0000] ConsumerImpl:1202 | Broker notification of Closed consumer: 6
2023-08-09 21:17:32.783 INFO  [0x7000070a0000] HandlerBase:149 | [0x7fc9ded44bd8, python-consume, 6] Schedule reconnection in 0.1 s
2023-08-09 21:17:32.799 INFO  [0x7000070a0000] ConsumerImpl:1202 | Broker notification of Closed consumer: 10
2023-08-09 21:17:32.799 INFO  [0x7000070a0000] HandlerBase:149 | [0x7fc9ded4ace8, python-consume, 10] Schedule reconnection in 0.1 s
2023-08-09 21:17:32.799 INFO  [0x7000070a0000] ConsumerImpl:1202 | Broker notification of Closed consumer: 2
2023-08-09 21:17:32.799 INFO  [0x7000070a0000] HandlerBase:149 | [0x7fc9ded474e8, python-consume, 2] Schedule reconnection in 0.1 s
2023-08-09 21:17:32.835 INFO  [0x7000070a0000] HandlerBase:72 | [0x7fc9ded48658, python-consume, 1] Getting connection from pool
2023-08-09 21:17:32.835 INFO  [0x7000070a0000] HandlerBase:72 | [0x7fc9ded4a528, python-consume, 9] Getting connection from pool
2023-08-09 21:17:32.835 INFO  [0x7000070a0000] HandlerBase:72 | [0x7fc9ded41678, python-consume, 5] Getting connection from pool
2023-08-09 21:17:32.853 INFO  [0x7000070a0000] HandlerBase:72 | [0x7fc9ded49628, python-consume, 7] Getting connection from pool
2023-08-09 21:17:32.853 INFO  [0x7000070a0000] HandlerBase:72 | [0x7fc9ded4b428, python-consume, 11] Getting connection from pool
2023-08-09 21:17:32.860 INFO  [0x7000070a0000] HandlerBase:72 | [0x7fc9ded47ee8, python-consume, 3] Getting connection from pool
2023-08-09 21:17:32.884 INFO  [0x7000070a0000] HandlerBase:72 | [0x7fc9ded44bd8, python-consume, 6] Getting connection from pool
2023-08-09 21:17:32.899 INFO  [0x7000070a0000] HandlerBase:72 | [0x7fc9ded4ace8, python-consume, 10] Getting connection from pool
2023-08-09 21:17:32.900 INFO  [0x7000070a0000] HandlerBase:72 | [0x7fc9ded474e8, python-consume, 2] Getting connection from pool
2023-08-09 21:17:32.922 ERROR [0x7000070a0000] ClientConnection:1521 | [[::1]:58153 -> [::1]:6650] Failed lookup req_id: 26 error: Retryable msg: org.apache.pulsar.client.api.PulsarClientException: java.util.concurrent.CompletionException: io.netty.channel.AbstractChannel$AnnotatedConnectException: finishConnect(..) failed: Connection refused: pulsar-broker.pulsar.svc.cluster.local/10.8.4.18:6650
2023-08-09 21:17:32.922 ERROR [0x7000070a0000] BinaryProtoLookupService:68 | Lookup failed for persistent://websight/dxp/chaos-topic-partition-0, result Retryable
2023-08-09 21:17:32.922 INFO  [0x7000070a0000] RetryableLookupService:142 | Reschedule get-broker-persistent://websight/dxp/chaos-topic-partition-0 for 100 ms, remaining time: 29900 ms
2023-08-09 21:17:32.922 ERROR [0x7000070a0000] ClientConnection:616 | [[::1]:58153 -> [::1]:6650] Read operation failed: Bad file descriptor
2023-08-09 21:17:32.922 ERROR [0x7000070a0000] ClientConnection:1203 | [[::1]:58153 -> [::1]:6650] Connection closed with ConnectError
2023-08-09 21:17:32.922 ERROR [0x7000070a0000] BinaryProtoLookupService:68 | Lookup failed for persistent://websight/dxp/chaos-topic-partition-8, result ConnectError
2023-08-09 21:17:32.922 INFO  [0x7000070a0000] HandlerBase:149 | [0x7fc9ded49de8, python-consume, 8] Schedule reconnection in 0.19 s
2023-08-09 21:17:32.922 ERROR [0x7000070a0000] BinaryProtoLookupService:68 | Lookup failed for persistent://websight/dxp/chaos-topic-partition-4, result ConnectError
2023-08-09 21:17:32.922 INFO  [0x7000070a0000] HandlerBase:149 | [0x7fc9ded40188, python-consume, 4] Schedule reconnection in 0.19 s
2023-08-09 21:17:32.922 ERROR [0x7000070a0000] BinaryProtoLookupService:68 | Lookup failed for persistent://websight/dxp/chaos-topic-partition-1, result ConnectError
2023-08-09 21:17:32.922 INFO  [0x7000070a0000] HandlerBase:149 | [0x7fc9ded48658, python-consume, 1] Schedule reconnection in 0.194 s
2023-08-09 21:17:32.922 ERROR [0x7000070a0000] BinaryProtoLookupService:68 | Lookup failed for persistent://websight/dxp/chaos-topic-partition-9, result ConnectError
2023-08-09 21:17:32.922 INFO  [0x7000070a0000] HandlerBase:149 | [0x7fc9ded4a528, python-consume, 9] Schedule reconnection in 0.194 s
2023-08-09 21:17:32.922 ERROR [0x7000070a0000] BinaryProtoLookupService:68 | Lookup failed for persistent://websight/dxp/chaos-topic-partition-5, result ConnectError
2023-08-09 21:17:32.922 INFO  [0x7000070a0000] HandlerBase:149 | [0x7fc9ded41678, python-consume, 5] Schedule reconnection in 0.194 s
2023-08-09 21:17:32.923 ERROR [0x7000070a0000] BinaryProtoLookupService:68 | Lookup failed for persistent://websight/dxp/chaos-topic-partition-7, result ConnectError
2023-08-09 21:17:32.923 INFO  [0x7000070a0000] HandlerBase:149 | [0x7fc9ded49628, python-consume, 7] Schedule reconnection in 0.196 s
2023-08-09 21:17:32.923 ERROR [0x7000070a0000] BinaryProtoLookupService:68 | Lookup failed for persistent://websight/dxp/chaos-topic-partition-11, result ConnectError
2023-08-09 21:17:32.923 INFO  [0x7000070a0000] HandlerBase:149 | [0x7fc9ded4b428, python-consume, 11] Schedule reconnection in 0.196 s
2023-08-09 21:17:32.923 ERROR [0x7000070a0000] BinaryProtoLookupService:68 | Lookup failed for persistent://websight/dxp/chaos-topic-partition-3, result ConnectError
2023-08-09 21:17:32.923 INFO  [0x7000070a0000] HandlerBase:149 | [0x7fc9ded47ee8, python-consume, 3] Schedule reconnection in 0.196 s
2023-08-09 21:17:32.923 ERROR [0x7000070a0000] BinaryProtoLookupService:68 | Lookup failed for persistent://websight/dxp/chaos-topic-partition-6, result ConnectError
2023-08-09 21:17:32.923 INFO  [0x7000070a0000] HandlerBase:149 | [0x7fc9ded44bd8, python-consume, 6] Schedule reconnection in 0.196 s
2023-08-09 21:17:32.923 ERROR [0x7000070a0000] BinaryProtoLookupService:68 | Lookup failed for persistent://websight/dxp/chaos-topic-partition-10, result ConnectError
2023-08-09 21:17:32.923 INFO  [0x7000070a0000] HandlerBase:149 | [0x7fc9ded4ace8, python-consume, 10] Schedule reconnection in 0.196 s
2023-08-09 21:17:32.923 ERROR [0x7000070a0000] BinaryProtoLookupService:68 | Lookup failed for persistent://websight/dxp/chaos-topic-partition-2, result ConnectError
2023-08-09 21:17:32.923 INFO  [0x7000070a0000] HandlerBase:149 | [0x7fc9ded474e8, python-consume, 2] Schedule reconnection in 0.196 s
2023-08-09 21:17:33.027 INFO  [0x7000070a0000] ConnectionPool:87 | Deleting stale connection from pool for pulsar://localhost:6650 use_count: 11 @ 0x7fc9ef025200
2023-08-09 21:17:33.027 INFO  [0x7000070a0000] ClientConnection:184 | [<none> -> pulsar://localhost:6650] Create ClientConnection, timeout=10000
2023-08-09 21:17:33.027 INFO  [0x7000070a0000] ConnectionPool:106 | Created connection for pulsar://localhost:6650
2023-08-09 21:17:33.029 INFO  [0x7000070a0000] ClientConnection:382 | [[::1]:58170 -> [::1]:6650] Connected to broker
2023-08-09 21:17:33.115 INFO  [0x7000070a0000] HandlerBase:72 | [0x7fc9ded49de8, python-consume, 8] Getting connection from pool
2023-08-09 21:17:33.115 INFO  [0x7000070a0000] HandlerBase:72 | [0x7fc9ded40188, python-consume, 4] Getting connection from pool
2023-08-09 21:17:33.117 INFO  [0x7000070a0000] HandlerBase:72 | [0x7fc9ded48658, python-consume, 1] Getting connection from pool
2023-08-09 21:17:33.117 INFO  [0x7000070a0000] HandlerBase:72 | [0x7fc9ded4a528, python-consume, 9] Getting connection from pool
2023-08-09 21:17:33.117 INFO  [0x7000070a0000] HandlerBase:72 | [0x7fc9ded41678, python-consume, 5] Getting connection from pool
2023-08-09 21:17:33.119 INFO  [0x7000070a0000] HandlerBase:72 | [0x7fc9ded49628, python-consume, 7] Getting connection from pool
2023-08-09 21:17:33.119 INFO  [0x7000070a0000] HandlerBase:72 | [0x7fc9ded4b428, python-consume, 11] Getting connection from pool
2023-08-09 21:17:33.119 INFO  [0x7000070a0000] HandlerBase:72 | [0x7fc9ded47ee8, python-consume, 3] Getting connection from pool
2023-08-09 21:17:33.119 INFO  [0x7000070a0000] HandlerBase:72 | [0x7fc9ded44bd8, python-consume, 6] Getting connection from pool
2023-08-09 21:17:33.119 INFO  [0x7000070a0000] HandlerBase:72 | [0x7fc9ded4ace8, python-consume, 10] Getting connection from pool
2023-08-09 21:17:33.120 INFO  [0x7000070a0000] HandlerBase:72 | [0x7fc9ded474e8, python-consume, 2] Getting connection from pool
2023-08-09 21:17:43.029 ERROR [0x7000070a0000] ClientConnection:573 | [[::1]:58170 -> [::1]:6650] Connection was not established in 10000 ms, close the socket
2023-08-09 21:17:43.029 ERROR [0x7000070a0000] ClientConnection:1203 | [[::1]:58170 -> [::1]:6650] Connection closed with ConnectError
2023-08-09 21:17:43.029 INFO  [0x7000070a0000] HandlerBase:149 | [0x7fc9ded485f8, python-consume, 0] Schedule reconnection in 0.19 s
2023-08-09 21:17:43.029 INFO  [0x7000070a0000] HandlerBase:149 | [0x7fc9ded49de8, python-consume, 8] Schedule reconnection in 0.372 s
2023-08-09 21:17:43.029 INFO  [0x7000070a0000] HandlerBase:149 | [0x7fc9ded40188, python-consume, 4] Schedule reconnection in 0.372 s
2023-08-09 21:17:43.029 INFO  [0x7000070a0000] HandlerBase:149 | [0x7fc9ded48658, python-consume, 1] Schedule reconnection in 0.392 s
2023-08-09 21:17:43.029 INFO  [0x7000070a0000] HandlerBase:149 | [0x7fc9ded4a528, python-consume, 9] Schedule reconnection in 0.392 s
2023-08-09 21:17:43.029 INFO  [0x7000070a0000] HandlerBase:149 | [0x7fc9ded41678, python-consume, 5] Schedule reconnection in 0.392 s
2023-08-09 21:17:43.029 INFO  [0x7000070a0000] HandlerBase:149 | [0x7fc9ded49628, python-consume, 7] Schedule reconnection in 0.38 s
2023-08-09 21:17:43.029 INFO  [0x7000070a0000] HandlerBase:149 | [0x7fc9ded4b428, python-consume, 11] Schedule reconnection in 0.38 s
2023-08-09 21:17:43.029 INFO  [0x7000070a0000] HandlerBase:149 | [0x7fc9ded47ee8, python-consume, 3] Schedule reconnection in 0.38 s
2023-08-09 21:17:43.029 INFO  [0x7000070a0000] HandlerBase:149 | [0x7fc9ded44bd8, python-consume, 6] Schedule reconnection in 0.38 s
2023-08-09 21:17:43.029 INFO  [0x7000070a0000] HandlerBase:149 | [0x7fc9ded4ace8, python-consume, 10] Schedule reconnection in 0.38 s
2023-08-09 21:17:43.029 INFO  [0x7000070a0000] HandlerBase:149 | [0x7fc9ded474e8, python-consume, 2] Schedule reconnection in 0.38 s
2023-08-09 21:17:43.029 WARN  [0x7000070a0000] MultiTopicsConsumerImpl:994 | Failed to getPartitionMetadata: ConnectError
2023-08-09 21:17:43.030 INFO  [0x7000070a0000] ClientConnection:263 | [[::1]:58170 -> [::1]:6650] Destroyed connection
2023-08-09 21:17:43.224 INFO  [0x7000070a0000] HandlerBase:72 | [0x7fc9ded485f8, python-consume, 0] Getting connection from pool
2023-08-09 21:17:43.224 INFO  [0x7000070a0000] ConnectionPool:87 | Deleting stale connection from pool for pulsar://localhost:6650 use_count: -1 @ 0x0
2023-08-09 21:17:43.225 INFO  [0x7000070a0000] ClientConnection:184 | [<none> -> pulsar://localhost:6650] Create ClientConnection, timeout=10000
2023-08-09 21:17:43.225 INFO  [0x7000070a0000] ConnectionPool:106 | Created connection for pulsar://localhost:6650
2023-08-09 21:17:43.226 INFO  [0x7000070a0000] ClientConnection:382 | [[::1]:58173 -> [::1]:6650] Connected to broker
2023-08-09 21:17:43.402 INFO  [0x7000070a0000] HandlerBase:72 | [0x7fc9ded49de8, python-consume, 8] Getting connection from pool
2023-08-09 21:17:43.402 INFO  [0x7000070a0000] HandlerBase:72 | [0x7fc9ded40188, python-consume, 4] Getting connection from pool
2023-08-09 21:17:43.410 INFO  [0x7000070a0000] HandlerBase:72 | [0x7fc9ded49628, python-consume, 7] Getting connection from pool
2023-08-09 21:17:43.410 INFO  [0x7000070a0000] HandlerBase:72 | [0x7fc9ded4b428, python-consume, 11] Getting connection from pool
2023-08-09 21:17:43.410 INFO  [0x7000070a0000] HandlerBase:72 | [0x7fc9ded47ee8, python-consume, 3] Getting connection from pool
2023-08-09 21:17:43.410 INFO  [0x7000070a0000] HandlerBase:72 | [0x7fc9ded44bd8, python-consume, 6] Getting connection from pool
2023-08-09 21:17:43.410 INFO  [0x7000070a0000] HandlerBase:72 | [0x7fc9ded4ace8, python-consume, 10] Getting connection from pool
2023-08-09 21:17:43.410 INFO  [0x7000070a0000] HandlerBase:72 | [0x7fc9ded474e8, python-consume, 2] Getting connection from pool
2023-08-09 21:17:43.422 INFO  [0x7000070a0000] HandlerBase:72 | [0x7fc9ded48658, python-consume, 1] Getting connection from pool
2023-08-09 21:17:43.422 INFO  [0x7000070a0000] HandlerBase:72 | [0x7fc9ded4a528, python-consume, 9] Getting connection from pool
2023-08-09 21:17:43.422 INFO  [0x7000070a0000] HandlerBase:72 | [0x7fc9ded41678, python-consume, 5] Getting connection from pool
2023-08-09 21:17:53.227 ERROR [0x7000070a0000] ClientConnection:573 | [[::1]:58173 -> [::1]:6650] Connection was not established in 10000 ms, close the socket
2023-08-09 21:17:53.227 ERROR [0x7000070a0000] ClientConnection:1203 | [[::1]:58173 -> [::1]:6650] Connection closed with ConnectError
2023-08-09 21:17:53.227 INFO  [0x7000070a0000] HandlerBase:149 | [0x7fc9ded485f8, python-consume, 0] Schedule reconnection in 0.372 s
2023-08-09 21:17:53.227 INFO  [0x7000070a0000] HandlerBase:149 | [0x7fc9ded49de8, python-consume, 8] Schedule reconnection in 0.784 s
2023-08-09 21:17:53.227 INFO  [0x7000070a0000] HandlerBase:149 | [0x7fc9ded40188, python-consume, 4] Schedule reconnection in 0.784 s
2023-08-09 21:17:53.227 INFO  [0x7000070a0000] HandlerBase:149 | [0x7fc9ded49628, python-consume, 7] Schedule reconnection in 0.744 s
2023-08-09 21:17:53.227 INFO  [0x7000070a0000] HandlerBase:149 | [0x7fc9ded4b428, python-consume, 11] Schedule reconnection in 0.744 s
2023-08-09 21:17:53.227 INFO  [0x7000070a0000] HandlerBase:149 | [0x7fc9ded47ee8, python-consume, 3] Schedule reconnection in 0.744 s
2023-08-09 21:17:53.227 INFO  [0x7000070a0000] HandlerBase:149 | [0x7fc9ded44bd8, python-consume, 6] Schedule reconnection in 0.744 s
2023-08-09 21:17:53.227 INFO  [0x7000070a0000] HandlerBase:149 | [0x7fc9ded4ace8, python-consume, 10] Schedule reconnection in 0.744 s
2023-08-09 21:17:53.227 INFO  [0x7000070a0000] HandlerBase:149 | [0x7fc9ded474e8, python-consume, 2] Schedule reconnection in 0.744 s
2023-08-09 21:17:53.227 INFO  [0x7000070a0000] HandlerBase:149 | [0x7fc9ded48658, python-consume, 1] Schedule reconnection in 0.76 s
2023-08-09 21:17:53.227 INFO  [0x7000070a0000] HandlerBase:149 | [0x7fc9ded4a528, python-consume, 9] Schedule reconnection in 0.76 s
2023-08-09 21:17:53.228 INFO  [0x7000070a0000] HandlerBase:149 | [0x7fc9ded41678, python-consume, 5] Schedule reconnection in 0.76 s
2023-08-09 21:17:53.228 INFO  [0x7000070a0000] ClientConnection:263 | [[::1]:58173 -> [::1]:6650] Destroyed connection
2023-08-09 21:17:53.602 INFO  [0x7000070a0000] HandlerBase:72 | [0x7fc9ded485f8, python-consume, 0] Getting connection from pool
2023-08-09 21:17:53.602 INFO  [0x7000070a0000] ConnectionPool:87 | Deleting stale connection from pool for pulsar://localhost:6650 use_count: -1 @ 0x0
2023-08-09 21:17:53.602 INFO  [0x7000070a0000] ClientConnection:184 | [<none> -> pulsar://localhost:6650] Create ClientConnection, timeout=10000
2023-08-09 21:17:53.602 INFO  [0x7000070a0000] ConnectionPool:106 | Created connection for pulsar://localhost:6650
2023-08-09 21:17:53.604 INFO  [0x7000070a0000] ClientConnection:382 | [[::1]:58176 -> [::1]:6650] Connected to broker
2023-08-09 21:17:53.971 INFO  [0x7000070a0000] HandlerBase:72 | [0x7fc9ded49628, python-consume, 7] Getting connection from pool
2023-08-09 21:17:53.972 INFO  [0x7000070a0000] HandlerBase:72 | [0x7fc9ded4b428, python-consume, 11] Getting connection from pool
2023-08-09 21:17:53.972 INFO  [0x7000070a0000] HandlerBase:72 | [0x7fc9ded47ee8, python-consume, 3] Getting connection from pool
2023-08-09 21:17:53.972 INFO  [0x7000070a0000] HandlerBase:72 | [0x7fc9ded44bd8, python-consume, 6] Getting connection from pool
2023-08-09 21:17:53.972 INFO  [0x7000070a0000] HandlerBase:72 | [0x7fc9ded4ace8, python-consume, 10] Getting connection from pool
2023-08-09 21:17:53.972 INFO  [0x7000070a0000] HandlerBase:72 | [0x7fc9ded474e8, python-consume, 2] Getting connection from pool
2023-08-09 21:17:53.988 INFO  [0x7000070a0000] HandlerBase:72 | [0x7fc9ded48658, python-consume, 1] Getting connection from pool
2023-08-09 21:17:53.988 INFO  [0x7000070a0000] HandlerBase:72 | [0x7fc9ded4a528, python-consume, 9] Getting connection from pool
2023-08-09 21:17:53.988 INFO  [0x7000070a0000] HandlerBase:72 | [0x7fc9ded41678, python-consume, 5] Getting connection from pool
2023-08-09 21:17:54.015 INFO  [0x7000070a0000] HandlerBase:72 | [0x7fc9ded49de8, python-consume, 8] Getting connection from pool
2023-08-09 21:17:54.015 INFO  [0x7000070a0000] HandlerBase:72 | [0x7fc9ded40188, python-consume, 4] Getting connection from pool
2023-08-09 21:17:54.310 ERROR [0x7000070a0000] ClientConnection:1521 | [[::1]:58176 -> [::1]:6650] Failed lookup req_id: 49 error: Retryable msg: org.apache.pulsar.client.api.PulsarClientException: java.util.concurrent.CompletionException: java.net.UnknownHostException: Failed to resolve 'pulsar-broker' after 2 queries 
2023-08-09 21:17:54.310 ERROR [0x7000070a0000] BinaryProtoLookupService:68 | Lookup failed for persistent://websight/dxp/chaos-topic-partition-4, result Retryable
2023-08-09 21:17:54.310 INFO  [0x7000070a0000] RetryableLookupService:142 | Reschedule get-broker-persistent://websight/dxp/chaos-topic-partition-4 for 192 ms, remaining time: 29808 ms
2023-08-09 21:17:54.310 ERROR [0x7000070a0000] ClientConnection:1521 | [[::1]:58176 -> [::1]:6650] Failed lookup req_id: 48 error: Retryable msg: org.apache.pulsar.client.api.PulsarClientException: java.util.concurrent.CompletionException: java.net.UnknownHostException: Failed to resolve 'pulsar-broker' after 2 queries 
2023-08-09 21:17:54.310 ERROR [0x7000070a0000] BinaryProtoLookupService:68 | Lookup failed for persistent://websight/dxp/chaos-topic-partition-8, result Retryable
2023-08-09 21:17:54.310 INFO  [0x7000070a0000] RetryableLookupService:142 | Reschedule get-broker-persistent://websight/dxp/chaos-topic-partition-8 for 380 ms, remaining time: 29620 ms
2023-08-09 21:17:54.310 ERROR [0x7000070a0000] ClientConnection:1521 | [[::1]:58176 -> [::1]:6650] Failed lookup req_id: 47 error: Retryable msg: org.apache.pulsar.client.api.PulsarClientException: java.util.concurrent.CompletionException: java.net.UnknownHostException: Failed to resolve 'pulsar-broker' after 2 queries 
2023-08-09 21:17:54.310 ERROR [0x7000070a0000] BinaryProtoLookupService:68 | Lookup failed for persistent://websight/dxp/chaos-topic-partition-5, result Retryable
2023-08-09 21:17:54.310 INFO  [0x7000070a0000] RetryableLookupService:142 | Reschedule get-broker-persistent://websight/dxp/chaos-topic-partition-5 for 800 ms, remaining time: 29200 ms
2023-08-09 21:17:54.310 ERROR [0x7000070a0000] ClientConnection:1521 | [[::1]:58176 -> [::1]:6650] Failed lookup req_id: 46 error: Retryable msg: org.apache.pulsar.client.api.PulsarClientException: java.util.concurrent.CompletionException: java.net.UnknownHostException: Failed to resolve 'pulsar-broker' after 2 queries 
2023-08-09 21:17:54.310 ERROR [0x7000070a0000] BinaryProtoLookupService:68 | Lookup failed for persistent://websight/dxp/chaos-topic-partition-9, result Retryable
2023-08-09 21:17:54.310 INFO  [0x7000070a0000] RetryableLookupService:142 | Reschedule get-broker-persistent://websight/dxp/chaos-topic-partition-9 for 1536 ms, remaining time: 28464 ms
2023-08-09 21:17:54.310 ERROR [0x7000070a0000] ClientConnection:1521 | [[::1]:58176 -> [::1]:6650] Failed lookup req_id: 45 error: Retryable msg: org.apache.pulsar.client.api.PulsarClientException: java.util.concurrent.CompletionException: java.net.UnknownHostException: Failed to resolve 'pulsar-broker' after 2 queries 
2023-08-09 21:17:54.310 ERROR [0x7000070a0000] BinaryProtoLookupService:68 | Lookup failed for persistent://websight/dxp/chaos-topic-partition-1, result Retryable
2023-08-09 21:17:54.310 INFO  [0x7000070a0000] RetryableLookupService:142 | Reschedule get-broker-persistent://websight/dxp/chaos-topic-partition-1 for 3072 ms, remaining time: 26928 ms
2023-08-09 21:17:54.310 ERROR [0x7000070a0000] ClientConnection:1521 | [[::1]:58176 -> [::1]:6650] Failed lookup req_id: 44 error: Retryable msg: org.apache.pulsar.client.api.PulsarClientException: java.util.concurrent.CompletionException: java.net.UnknownHostException: Failed to resolve 'pulsar-broker' after 2 queries 
2023-08-09 21:17:54.310 ERROR [0x7000070a0000] BinaryProtoLookupService:68 | Lookup failed for persistent://websight/dxp/chaos-topic-partition-2, result Retryable
2023-08-09 21:17:54.310 INFO  [0x7000070a0000] RetryableLookupService:142 | Reschedule get-broker-persistent://websight/dxp/chaos-topic-partition-2 for 6080 ms, remaining time: 23920 ms
2023-08-09 21:17:54.310 ERROR [0x7000070a0000] ClientConnection:1521 | [[::1]:58176 -> [::1]:6650] Failed lookup req_id: 43 error: Retryable msg: org.apache.pulsar.client.api.PulsarClientException: java.util.concurrent.CompletionException: java.net.UnknownHostException: Failed to resolve 'pulsar-broker' after 2 queries 
2023-08-09 21:17:54.310 ERROR [0x7000070a0000] BinaryProtoLookupService:68 | Lookup failed for persistent://websight/dxp/chaos-topic-partition-10, result Retryable
2023-08-09 21:17:54.310 INFO  [0x7000070a0000] RetryableLookupService:142 | Reschedule get-broker-persistent://websight/dxp/chaos-topic-partition-10 for 12032 ms, remaining time: 17968 ms
2023-08-09 21:17:54.311 ERROR [0x7000070a0000] ClientConnection:1521 | [[::1]:58176 -> [::1]:6650] Failed lookup req_id: 42 error: Retryable msg: org.apache.pulsar.client.api.PulsarClientException: java.util.concurrent.CompletionException: java.net.UnknownHostException: Failed to resolve 'pulsar-broker' after 2 queries 
2023-08-09 21:17:54.311 ERROR [0x7000070a0000] BinaryProtoLookupService:68 | Lookup failed for persistent://websight/dxp/chaos-topic-partition-6, result Retryable
2023-08-09 21:17:54.311 INFO  [0x7000070a0000] RetryableLookupService:142 | Reschedule get-broker-persistent://websight/dxp/chaos-topic-partition-6 for 24576 ms, remaining time: 5424 ms
2023-08-09 21:17:54.311 ERROR [0x7000070a0000] ClientConnection:1521 | [[::1]:58176 -> [::1]:6650] Failed lookup req_id: 41 error: Retryable msg: org.apache.pulsar.client.api.PulsarClientException: java.util.concurrent.CompletionException: java.net.UnknownHostException: Failed to resolve 'pulsar-broker' after 2 queries 
2023-08-09 21:17:54.311 ERROR [0x7000070a0000] BinaryProtoLookupService:68 | Lookup failed for persistent://websight/dxp/chaos-topic-partition-3, result Retryable
2023-08-09 21:17:54.311 INFO  [0x7000070a0000] RetryableLookupService:142 | Reschedule get-broker-persistent://websight/dxp/chaos-topic-partition-3 for 30000 ms, remaining time: 0 ms
2023-08-09 21:17:54.311 ERROR [0x7000070a0000] ClientConnection:1521 | [[::1]:58176 -> [::1]:6650] Failed lookup req_id: 40 error: Retryable msg: org.apache.pulsar.client.api.PulsarClientException: java.util.concurrent.CompletionException: java.net.UnknownHostException: Failed to resolve 'pulsar-broker' after 2 queries 
2023-08-09 21:17:54.311 ERROR [0x7000070a0000] BinaryProtoLookupService:68 | Lookup failed for persistent://websight/dxp/chaos-topic-partition-11, result Retryable
2023-08-09 21:17:54.311 INFO  [0x7000070a0000] RetryableLookupService:142 | Reschedule get-broker-persistent://websight/dxp/chaos-topic-partition-11 for 30000 ms, remaining time: 0 ms
2023-08-09 21:17:54.311 ERROR [0x7000070a0000] ClientConnection:1521 | [[::1]:58176 -> [::1]:6650] Failed lookup req_id: 39 error: Retryable msg: org.apache.pulsar.client.api.PulsarClientException: java.util.concurrent.CompletionException: java.net.UnknownHostException: Failed to resolve 'pulsar-broker' after 2 queries 
2023-08-09 21:17:54.311 ERROR [0x7000070a0000] BinaryProtoLookupService:68 | Lookup failed for persistent://websight/dxp/chaos-topic-partition-7, result Retryable
2023-08-09 21:17:54.311 INFO  [0x7000070a0000] RetryableLookupService:142 | Reschedule get-broker-persistent://websight/dxp/chaos-topic-partition-7 for 30000 ms, remaining time: 0 ms
2023-08-09 21:17:54.311 ERROR [0x7000070a0000] ClientConnection:1521 | [[::1]:58176 -> [::1]:6650] Failed lookup req_id: 38 error: Retryable msg: org.apache.pulsar.client.api.PulsarClientException: java.util.concurrent.CompletionException: java.net.UnknownHostException: Failed to resolve 'pulsar-broker' after 2 queries 
2023-08-09 21:17:54.311 ERROR [0x7000070a0000] BinaryProtoLookupService:68 | Lookup failed for persistent://websight/dxp/chaos-topic-partition-0, result Retryable
2023-08-09 21:17:54.311 INFO  [0x7000070a0000] RetryableLookupService:142 | Reschedule get-broker-persistent://websight/dxp/chaos-topic-partition-0 for 30000 ms, remaining time: 0 ms
2023-08-09 21:17:54.311 ERROR [0x7000070a0000] ClientConnection:616 | [[::1]:58176 -> [::1]:6650] Read operation failed: Bad file descriptor
2023-08-09 21:17:54.311 ERROR [0x7000070a0000] ClientConnection:1203 | [[::1]:58176 -> [::1]:6650] Connection closed with ConnectError
2023-08-09 21:17:54.311 INFO  [0x7000070a0000] ClientConnection:263 | [[::1]:58176 -> [::1]:6650] Destroyed connection
2023-08-09 21:17:54.502 INFO  [0x7000070a0000] ConnectionPool:87 | Deleting stale connection from pool for pulsar://localhost:6650 use_count: -1 @ 0x0
2023-08-09 21:17:54.503 INFO  [0x7000070a0000] ClientConnection:184 | [<none> -> pulsar://localhost:6650] Create ClientConnection, timeout=10000
2023-08-09 21:17:54.503 INFO  [0x7000070a0000] ConnectionPool:106 | Created connection for pulsar://localhost:6650
2023-08-09 21:17:54.504 INFO  [0x7000070a0000] ClientConnection:382 | [[::1]:58177 -> [::1]:6650] Connected to broker
2023-08-09 21:18:02.900 INFO  [0x7000070a0000] ClientConnection:263 | [[::1]:58153 -> [::1]:6650] Destroyed connection
2023-08-09 21:18:04.507 ERROR [0x7000070a0000] ClientConnection:573 | [[::1]:58177 -> [::1]:6650] Connection was not established in 10000 ms, close the socket
2023-08-09 21:18:04.507 ERROR [0x7000070a0000] ClientConnection:1203 | [[::1]:58177 -> [::1]:6650] Connection closed with ConnectError
2023-08-09 21:18:04.507 INFO  [0x7000070a0000] HandlerBase:149 | [0x7fc9ded40188, python-consume, 4] Schedule reconnection in 1.52 s
2023-08-09 21:18:04.507 INFO  [0x7000070a0000] HandlerBase:149 | [0x7fc9ded49de8, python-consume, 8] Schedule reconnection in 1.52 s
2023-08-09 21:18:04.507 INFO  [0x7000070a0000] HandlerBase:149 | [0x7fc9ded41678, python-consume, 5] Schedule reconnection in 1.488 s
2023-08-09 21:18:04.507 INFO  [0x7000070a0000] HandlerBase:149 | [0x7fc9ded4a528, python-consume, 9] Schedule reconnection in 1.488 s
2023-08-09 21:18:04.507 INFO  [0x7000070a0000] HandlerBase:149 | [0x7fc9ded48658, python-consume, 1] Schedule reconnection in 1.488 s
2023-08-09 21:18:04.507 INFO  [0x7000070a0000] HandlerBase:149 | [0x7fc9ded474e8, python-consume, 2] Schedule reconnection in 1.568 s
2023-08-09 21:18:04.507 INFO  [0x7000070a0000] ClientConnection:263 | [[::1]:58177 -> [::1]:6650] Destroyed connection
2023-08-09 21:18:05.995 INFO  [0x7000070a0000] HandlerBase:72 | [0x7fc9ded41678, python-consume, 5] Getting connection from pool
2023-08-09 21:18:05.995 INFO  [0x7000070a0000] ConnectionPool:87 | Deleting stale connection from pool for pulsar://localhost:6650 use_count: -1 @ 0x0
2023-08-09 21:18:05.995 INFO  [0x7000070a0000] ClientConnection:184 | [<none> -> pulsar://localhost:6650] Create ClientConnection, timeout=10000
2023-08-09 21:18:05.995 INFO  [0x7000070a0000] ConnectionPool:106 | Created connection for pulsar://localhost:6650
2023-08-09 21:18:05.995 INFO  [0x7000070a0000] HandlerBase:72 | [0x7fc9ded4a528, python-consume, 9] Getting connection from pool
2023-08-09 21:18:05.996 INFO  [0x7000070a0000] HandlerBase:72 | [0x7fc9ded48658, python-consume, 1] Getting connection from pool
2023-08-09 21:18:05.996 INFO  [0x7000070a0000] ClientConnection:382 | [[::1]:58182 -> [::1]:6650] Connected to broker
2023-08-09 21:18:06.030 INFO  [0x7000070a0000] HandlerBase:72 | [0x7fc9ded40188, python-consume, 4] Getting connection from pool
2023-08-09 21:18:06.030 INFO  [0x7000070a0000] HandlerBase:72 | [0x7fc9ded49de8, python-consume, 8] Getting connection from pool
2023-08-09 21:18:06.076 INFO  [0x7000070a0000] HandlerBase:72 | [0x7fc9ded474e8, python-consume, 2] Getting connection from pool
2023-08-09 21:18:06.722 ERROR [0x7000070a0000] ClientConnection:1521 | [[::1]:58182 -> [::1]:6650] Failed lookup req_id: 56 error: Retryable msg: org.apache.pulsar.client.api.PulsarClientException: java.util.concurrent.CompletionException: java.net.UnknownHostException: Failed to resolve 'pulsar-broker' after 2 queries 
2023-08-09 21:18:06.722 ERROR [0x7000070a0000] BinaryProtoLookupService:68 | Lookup failed for persistent://websight/dxp/chaos-topic-partition-10, result Retryable
2023-08-09 21:18:06.722 INFO  [0x7000070a0000] RetryableLookupService:142 | Reschedule get-broker-persistent://websight/dxp/chaos-topic-partition-10 for 17968 ms, remaining time: 0 ms
2023-08-09 21:18:06.722 ERROR [0x7000070a0000] ClientConnection:1521 | [[::1]:58182 -> [::1]:6650] Failed lookup req_id: 55 error: Retryable msg: org.apache.pulsar.client.api.PulsarClientException: java.util.concurrent.CompletionException: java.net.UnknownHostException: Failed to resolve 'pulsar-broker' after 2 queries 
2023-08-09 21:18:06.722 ERROR [0x7000070a0000] BinaryProtoLookupService:68 | Lookup failed for persistent://websight/dxp/chaos-topic-partition-2, result Retryable
2023-08-09 21:18:06.722 INFO  [0x7000070a0000] RetryableLookupService:142 | Reschedule get-broker-persistent://websight/dxp/chaos-topic-partition-2 for 30000 ms, remaining time: 0 ms
2023-08-09 21:18:06.722 ERROR [0x7000070a0000] ClientConnection:1521 | [[::1]:58182 -> [::1]:6650] Failed lookup req_id: 54 error: Retryable msg: org.apache.pulsar.client.api.PulsarClientException: java.util.concurrent.CompletionException: java.net.UnknownHostException: Failed to resolve 'pulsar-broker' after 2 queries 
2023-08-09 21:18:06.722 ERROR [0x7000070a0000] BinaryProtoLookupService:68 | Lookup failed for persistent://websight/dxp/chaos-topic-partition-8, result Retryable
2023-08-09 21:18:06.722 INFO  [0x7000070a0000] RetryableLookupService:142 | Reschedule get-broker-persistent://websight/dxp/chaos-topic-partition-8 for 30000 ms, remaining time: 0 ms
2023-08-09 21:18:06.722 ERROR [0x7000070a0000] ClientConnection:1521 | [[::1]:58182 -> [::1]:6650] Failed lookup req_id: 53 error: Retryable msg: org.apache.pulsar.client.api.PulsarClientException: java.util.concurrent.CompletionException: java.net.UnknownHostException: Failed to resolve 'pulsar-broker' after 2 queries 
2023-08-09 21:18:06.722 ERROR [0x7000070a0000] BinaryProtoLookupService:68 | Lookup failed for persistent://websight/dxp/chaos-topic-partition-4, result Retryable
2023-08-09 21:18:06.722 INFO  [0x7000070a0000] RetryableLookupService:142 | Reschedule get-broker-persistent://websight/dxp/chaos-topic-partition-4 for 30000 ms, remaining time: 0 ms
2023-08-09 21:18:06.722 ERROR [0x7000070a0000] ClientConnection:1521 | [[::1]:58182 -> [::1]:6650] Failed lookup req_id: 52 error: Retryable msg: org.apache.pulsar.client.api.PulsarClientException: java.util.concurrent.CompletionException: java.net.UnknownHostException: Failed to resolve 'pulsar-broker' after 2 queries 
2023-08-09 21:18:06.722 ERROR [0x7000070a0000] BinaryProtoLookupService:68 | Lookup failed for persistent://websight/dxp/chaos-topic-partition-1, result Retryable
2023-08-09 21:18:06.722 INFO  [0x7000070a0000] RetryableLookupService:142 | Reschedule get-broker-persistent://websight/dxp/chaos-topic-partition-1 for 30000 ms, remaining time: 0 ms
2023-08-09 21:18:06.723 ERROR [0x7000070a0000] ClientConnection:1521 | [[::1]:58182 -> [::1]:6650] Failed lookup req_id: 51 error: Retryable msg: org.apache.pulsar.client.api.PulsarClientException: java.util.concurrent.CompletionException: java.net.UnknownHostException: Failed to resolve 'pulsar-broker' after 2 queries 
2023-08-09 21:18:06.723 ERROR [0x7000070a0000] BinaryProtoLookupService:68 | Lookup failed for persistent://websight/dxp/chaos-topic-partition-9, result Retryable
2023-08-09 21:18:06.723 INFO  [0x7000070a0000] RetryableLookupService:142 | Reschedule get-broker-persistent://websight/dxp/chaos-topic-partition-9 for 30000 ms, remaining time: 0 ms
2023-08-09 21:18:06.723 ERROR [0x7000070a0000] ClientConnection:1521 | [[::1]:58182 -> [::1]:6650] Failed lookup req_id: 50 error: Retryable msg: org.apache.pulsar.client.api.PulsarClientException: java.util.concurrent.CompletionException: java.net.UnknownHostException: Failed to resolve 'pulsar-broker' after 2 queries 
2023-08-09 21:18:06.723 ERROR [0x7000070a0000] BinaryProtoLookupService:68 | Lookup failed for persistent://websight/dxp/chaos-topic-partition-5, result Retryable
2023-08-09 21:18:06.723 INFO  [0x7000070a0000] RetryableLookupService:142 | Reschedule get-broker-persistent://websight/dxp/chaos-topic-partition-5 for 30000 ms, remaining time: 0 ms
2023-08-09 21:18:06.723 ERROR [0x7000070a0000] ClientConnection:616 | [[::1]:58182 -> [::1]:6650] Read operation failed: Bad file descriptor
2023-08-09 21:18:06.723 ERROR [0x7000070a0000] ClientConnection:1203 | [[::1]:58182 -> [::1]:6650] Connection closed with ConnectError
2023-08-09 21:18:06.723 INFO  [0x7000070a0000] ClientConnection:263 | [[::1]:58182 -> [::1]:6650] Destroyed connection
2023-08-09 21:18:08.897 ERROR [0x7000070a0000] ClientConnection:616 | [[::1]:58158 -> [::1]:6650] Read operation failed: End of file
2023-08-09 21:18:08.897 ERROR [0x7000070a0000] ClientConnection:1203 | [[::1]:58158 -> [::1]:6650] Connection closed with ConnectError
2023-08-09 21:18:08.897 INFO  [0x7000070a0000] ClientConnection:263 | [[::1]:58158 -> [::1]:6650] Destroyed connection
