{
  "msgRateIn" : 0.0,
  "msgThroughputIn" : 0.0,
  "msgRateOut" : 0.0,
  "msgThroughputOut" : 0.0,
  "bytesInCounter" : 0,
  "msgInCounter" : 0,
  "bytesOutCounter" : 0,
  "msgOutCounter" : 0,
  "averageMsgSize" : 0.0,
  "msgChunkPublished" : false,
  "storageSize" : 0,
  "backlogSize" : 0,
  "publishRateLimitedTimes" : 0,
  "earliestMsgPublishTimeInBacklogs" : 0,
  "offloadedStorageSize" : 0,
  "lastOffloadLedgerId" : 0,
  "lastOffloadSuccessTimeStamp" : 0,
  "lastOffloadFailureTimeStamp" : 0,
  "ongoingTxnCount" : 0,
  "abortedTxnCount" : 0,
  "committedTxnCount" : 0,
  "publishers" : [ ],
  "waitingPublishers" : 0,
  "subscriptions" : { },
  "replication" : { },
  "nonContiguousDeletedMessagesRanges" : 0,
  "nonContiguousDeletedMessagesRangesSerializedSize" : 0,
  "delayedMessageIndexSizeInBytes" : 0,
  "compaction" : {
    "lastCompactionRemovedEventCount" : 0,
    "lastCompactionSucceedTimestamp" : 0,
    "lastCompactionFailedTimestamp" : 0,
    "lastCompactionDurationTimeInMills" : 0
  },
  "metadata" : {
    "partitions" : 12,
    "deleted" : false
  },
  "partitions" : { }
}
