{
  "metadata" : {
    "partitions" : 12,
    "deleted" : false
  },
  "partitions" : {
    "persistent://websight/dxp/chaos-topic-partition-10" : {
      "entriesAddedCounter" : 0,
      "numberOfEntries" : 0,
      "totalSize" : 0,
      "currentLedgerEntries" : 0,
      "currentLedgerSize" : 0,
      "lastLedgerCreatedTimestamp" : "2023-08-10T10:54:45.088Z",
      "waitingCursorsCount" : 0,
      "pendingAddEntriesCount" : 0,
      "lastConfirmedEntry" : "565:-1",
      "state" : "LedgerOpened",
      "ledgers" : [ {
        "ledgerId" : 565,
        "entries" : 0,
        "size" : 0,
        "offloaded" : false,
        "underReplicated" : false
      } ],
      "cursors" : { },
      "schemaLedgers" : [ ],
      "compactedLedger" : {
        "ledgerId" : -1,
        "entries" : -1,
        "size" : -1,
        "offloaded" : false,
        "underReplicated" : false
      }
    },
    "persistent://websight/dxp/chaos-topic-partition-3" : {
      "entriesAddedCounter" : 0,
      "numberOfEntries" : 0,
      "totalSize" : 0,
      "currentLedgerEntries" : 0,
      "currentLedgerSize" : 0,
      "lastLedgerCreatedTimestamp" : "2023-08-10T10:54:45.092Z",
      "waitingCursorsCount" : 0,
      "pendingAddEntriesCount" : 0,
      "lastConfirmedEntry" : "569:-1",
      "state" : "LedgerOpened",
      "ledgers" : [ {
        "ledgerId" : 569,
        "entries" : 0,
        "size" : 0,
        "offloaded" : false,
        "underReplicated" : false
      } ],
      "cursors" : { },
      "schemaLedgers" : [ ],
      "compactedLedger" : {
        "ledgerId" : -1,
        "entries" : -1,
        "size" : -1,
        "offloaded" : false,
        "underReplicated" : false
      }
    },
    "persistent://websight/dxp/chaos-topic-partition-11" : {
      "entriesAddedCounter" : 0,
      "numberOfEntries" : 0,
      "totalSize" : 0,
      "currentLedgerEntries" : 0,
      "currentLedgerSize" : 0,
      "lastLedgerCreatedTimestamp" : "2023-08-10T10:54:45.09Z",
      "waitingCursorsCount" : 0,
      "pendingAddEntriesCount" : 0,
      "lastConfirmedEntry" : "570:-1",
      "state" : "LedgerOpened",
      "ledgers" : [ {
        "ledgerId" : 570,
        "entries" : 0,
        "size" : 0,
        "offloaded" : false,
        "underReplicated" : false
      } ],
      "cursors" : { },
      "schemaLedgers" : [ ],
      "compactedLedger" : {
        "ledgerId" : -1,
        "entries" : -1,
        "size" : -1,
        "offloaded" : false,
        "underReplicated" : false
      }
    },
    "persistent://websight/dxp/chaos-topic-partition-2" : {
      "entriesAddedCounter" : 0,
      "numberOfEntries" : 0,
      "totalSize" : 0,
      "currentLedgerEntries" : 0,
      "currentLedgerSize" : 0,
      "lastLedgerCreatedTimestamp" : "2023-08-10T10:54:45.09Z",
      "waitingCursorsCount" : 0,
      "pendingAddEntriesCount" : 0,
      "lastConfirmedEntry" : "568:-1",
      "state" : "LedgerOpened",
      "ledgers" : [ {
        "ledgerId" : 568,
        "entries" : 0,
        "size" : 0,
        "offloaded" : false,
        "underReplicated" : false
      } ],
      "cursors" : { },
      "schemaLedgers" : [ ],
      "compactedLedger" : {
        "ledgerId" : -1,
        "entries" : -1,
        "size" : -1,
        "offloaded" : false,
        "underReplicated" : false
      }
    },
    "persistent://websight/dxp/chaos-topic-partition-1" : {
      "entriesAddedCounter" : 0,
      "numberOfEntries" : 0,
      "totalSize" : 0,
      "currentLedgerEntries" : 0,
      "currentLedgerSize" : 0,
      "lastLedgerCreatedTimestamp" : "2023-08-10T10:54:44.89Z",
      "waitingCursorsCount" : 0,
      "pendingAddEntriesCount" : 0,
      "lastConfirmedEntry" : "563:-1",
      "state" : "LedgerOpened",
      "ledgers" : [ {
        "ledgerId" : 563,
        "entries" : 0,
        "size" : 0,
        "offloaded" : false,
        "underReplicated" : false
      } ],
      "cursors" : { },
      "schemaLedgers" : [ ],
      "compactedLedger" : {
        "ledgerId" : -1,
        "entries" : -1,
        "size" : -1,
        "offloaded" : false,
        "underReplicated" : false
      }
    },
    "persistent://websight/dxp/chaos-topic-partition-0" : {
      "entriesAddedCounter" : 0,
      "numberOfEntries" : 0,
      "totalSize" : 0,
      "currentLedgerEntries" : 0,
      "currentLedgerSize" : 0,
      "lastLedgerCreatedTimestamp" : "2023-08-10T10:54:45.1Z",
      "waitingCursorsCount" : 0,
      "pendingAddEntriesCount" : 0,
      "lastConfirmedEntry" : "573:-1",
      "state" : "LedgerOpened",
      "ledgers" : [ {
        "ledgerId" : 573,
        "entries" : 0,
        "size" : 0,
        "offloaded" : false,
        "underReplicated" : false
      } ],
      "cursors" : { },
      "schemaLedgers" : [ ],
      "compactedLedger" : {
        "ledgerId" : -1,
        "entries" : -1,
        "size" : -1,
        "offloaded" : false,
        "underReplicated" : false
      }
    },
    "persistent://websight/dxp/chaos-topic-partition-7" : {
      "entriesAddedCounter" : 0,
      "numberOfEntries" : 0,
      "totalSize" : 0,
      "currentLedgerEntries" : 0,
      "currentLedgerSize" : 0,
      "lastLedgerCreatedTimestamp" : "2023-08-10T10:54:45.089Z",
      "waitingCursorsCount" : 0,
      "pendingAddEntriesCount" : 0,
      "lastConfirmedEntry" : "566:-1",
      "state" : "LedgerOpened",
      "ledgers" : [ {
        "ledgerId" : 566,
        "entries" : 0,
        "size" : 0,
        "offloaded" : false,
        "underReplicated" : false
      } ],
      "cursors" : { },
      "schemaLedgers" : [ ],
      "compactedLedger" : {
        "ledgerId" : -1,
        "entries" : -1,
        "size" : -1,
        "offloaded" : false,
        "underReplicated" : false
      }
    },
    "persistent://websight/dxp/chaos-topic-partition-6" : {
      "entriesAddedCounter" : 0,
      "numberOfEntries" : 0,
      "totalSize" : 0,
      "currentLedgerEntries" : 0,
      "currentLedgerSize" : 0,
      "lastLedgerCreatedTimestamp" : "2023-08-10T10:54:45.092Z",
      "waitingCursorsCount" : 0,
      "pendingAddEntriesCount" : 0,
      "lastConfirmedEntry" : "567:-1",
      "state" : "LedgerOpened",
      "ledgers" : [ {
        "ledgerId" : 567,
        "entries" : 0,
        "size" : 0,
        "offloaded" : false,
        "underReplicated" : false
      } ],
      "cursors" : { },
      "schemaLedgers" : [ ],
      "compactedLedger" : {
        "ledgerId" : -1,
        "entries" : -1,
        "size" : -1,
        "offloaded" : false,
        "underReplicated" : false
      }
    },
    "persistent://websight/dxp/chaos-topic-partition-5" : {
      "entriesAddedCounter" : 0,
      "numberOfEntries" : 0,
      "totalSize" : 0,
      "currentLedgerEntries" : 0,
      "currentLedgerSize" : 0,
      "lastLedgerCreatedTimestamp" : "2023-08-10T10:54:44.889Z",
      "waitingCursorsCount" : 0,
      "pendingAddEntriesCount" : 0,
      "lastConfirmedEntry" : "562:-1",
      "state" : "LedgerOpened",
      "ledgers" : [ {
        "ledgerId" : 562,
        "entries" : 0,
        "size" : 0,
        "offloaded" : false,
        "underReplicated" : false
      } ],
      "cursors" : { },
      "schemaLedgers" : [ ],
      "compactedLedger" : {
        "ledgerId" : -1,
        "entries" : -1,
        "size" : -1,
        "offloaded" : false,
        "underReplicated" : false
      }
    },
    "persistent://websight/dxp/chaos-topic-partition-4" : {
      "entriesAddedCounter" : 0,
      "numberOfEntries" : 0,
      "totalSize" : 0,
      "currentLedgerEntries" : 0,
      "currentLedgerSize" : 0,
      "lastLedgerCreatedTimestamp" : "2023-08-10T10:54:45.099Z",
      "waitingCursorsCount" : 0,
      "pendingAddEntriesCount" : 0,
      "lastConfirmedEntry" : "571:-1",
      "state" : "LedgerOpened",
      "ledgers" : [ {
        "ledgerId" : 571,
        "entries" : 0,
        "size" : 0,
        "offloaded" : false,
        "underReplicated" : false
      } ],
      "cursors" : { },
      "schemaLedgers" : [ ],
      "compactedLedger" : {
        "ledgerId" : -1,
        "entries" : -1,
        "size" : -1,
        "offloaded" : false,
        "underReplicated" : false
      }
    },
    "persistent://websight/dxp/chaos-topic-partition-9" : {
      "entriesAddedCounter" : 0,
      "numberOfEntries" : 0,
      "totalSize" : 0,
      "currentLedgerEntries" : 0,
      "currentLedgerSize" : 0,
      "lastLedgerCreatedTimestamp" : "2023-08-10T10:54:44.901Z",
      "waitingCursorsCount" : 0,
      "pendingAddEntriesCount" : 0,
      "lastConfirmedEntry" : "564:-1",
      "state" : "LedgerOpened",
      "ledgers" : [ {
        "ledgerId" : 564,
        "entries" : 0,
        "size" : 0,
        "offloaded" : false,
        "underReplicated" : false
      } ],
      "cursors" : { },
      "schemaLedgers" : [ ],
      "compactedLedger" : {
        "ledgerId" : -1,
        "entries" : -1,
        "size" : -1,
        "offloaded" : false,
        "underReplicated" : false
      }
    },
    "persistent://websight/dxp/chaos-topic-partition-8" : {
      "entriesAddedCounter" : 0,
      "numberOfEntries" : 0,
      "totalSize" : 0,
      "currentLedgerEntries" : 0,
      "currentLedgerSize" : 0,
      "lastLedgerCreatedTimestamp" : "2023-08-10T10:54:45.099Z",
      "waitingCursorsCount" : 0,
      "pendingAddEntriesCount" : 0,
      "lastConfirmedEntry" : "572:-1",
      "state" : "LedgerOpened",
      "ledgers" : [ {
        "ledgerId" : 572,
        "entries" : 0,
        "size" : 0,
        "offloaded" : false,
        "underReplicated" : false
      } ],
      "cursors" : { },
      "schemaLedgers" : [ ],
      "compactedLedger" : {
        "ledgerId" : -1,
        "entries" : -1,
        "size" : -1,
        "offloaded" : false,
        "underReplicated" : false
      }
    }
  }
}
