{
  "msgRateIn" : 0.0,
  "msgThroughputIn" : 0.0,
  "msgRateOut" : 0.0,
  "msgThroughputOut" : 0.0,
  "bytesInCounter" : 0,
  "msgInCounter" : 0,
  "bytesOutCounter" : 0,
  "msgOutCounter" : 0,
  "averageMsgSize" : 0.0,
  "msgChunkPublished" : false,
  "storageSize" : 1431,
  "backlogSize" : 48,
  "publishRateLimitedTimes" : 0,
  "earliestMsgPublishTimeInBacklogs" : 0,
  "offloadedStorageSize" : 0,
  "lastOffloadLedgerId" : 0,
  "lastOffloadSuccessTimeStamp" : 0,
  "lastOffloadFailureTimeStamp" : 0,
  "ongoingTxnCount" : 0,
  "abortedTxnCount" : 0,
  "committedTxnCount" : 0,
  "publishers" : [ ],
  "waitingPublishers" : 0,
  "subscriptions" : {
    "python-consume" : {
      "msgRateOut" : 0.0,
      "msgThroughputOut" : 0.0,
      "bytesOutCounter" : 0,
      "msgOutCounter" : 0,
      "msgRateRedeliver" : 0.0,
      "messageAckRate" : 0.0,
      "chunkedMessageRate" : 0,
      "msgBacklog" : 1,
      "backlogSize" : 48,
      "earliestMsgPublishTimeInBacklog" : 0,
      "msgBacklogNoDelayed" : 1,
      "blockedSubscriptionOnUnackedMsgs" : false,
      "msgDelayed" : 0,
      "unackedMessages" : 0,
      "type" : "None",
      "msgRateExpired" : 0.0,
      "totalMsgExpired" : 0,
      "lastExpireTimestamp" : 0,
      "lastConsumedFlowTimestamp" : 0,
      "lastConsumedTimestamp" : 0,
      "lastAckedTimestamp" : 0,
      "lastMarkDeleteAdvancedTimestamp" : 0,
      "consumers" : [ ],
      "isDurable" : true,
      "isReplicated" : false,
      "allowOutOfOrderDelivery" : false,
      "consumersAfterMarkDeletePosition" : { },
      "nonContiguousDeletedMessagesRanges" : 0,
      "nonContiguousDeletedMessagesRangesSerializedSize" : 0,
      "delayedMessageIndexSizeInBytes" : 0,
      "subscriptionProperties" : { },
      "filterProcessedMsgCount" : 0,
      "filterAcceptedMsgCount" : 0,
      "filterRejectedMsgCount" : 0,
      "filterRescheduledMsgCount" : 0,
      "durable" : true,
      "replicated" : false
    }
  },
  "replication" : { },
  "nonContiguousDeletedMessagesRanges" : 0,
  "nonContiguousDeletedMessagesRangesSerializedSize" : 0,
  "delayedMessageIndexSizeInBytes" : 0,
  "compaction" : {
    "lastCompactionRemovedEventCount" : 0,
    "lastCompactionSucceedTimestamp" : 0,
    "lastCompactionFailedTimestamp" : 0,
    "lastCompactionDurationTimeInMills" : 0
  },
  "metadata" : {
    "partitions" : 12,
    "deleted" : false
  },
  "partitions" : { }
}
