{
  "msgRateIn" : 4.988575215435725,
  "msgThroughputIn" : 238.15144886671396,
  "msgRateOut" : 4.990931124658729,
  "msgThroughputOut" : 238.26456857457688,
  "bytesInCounter" : 10903,
  "msgInCounter" : 227,
  "bytesOutCounter" : 10854,
  "msgOutCounter" : 226,
  "averageMsgSize" : 35.806445868945865,
  "msgChunkPublished" : false,
  "storageSize" : 10903,
  "backlogSize" : 115,
  "publishRateLimitedTimes" : 0,
  "earliestMsgPublishTimeInBacklogs" : 0,
  "offloadedStorageSize" : 0,
  "lastOffloadLedgerId" : 0,
  "lastOffloadSuccessTimeStamp" : 0,
  "lastOffloadFailureTimeStamp" : 0,
  "ongoingTxnCount" : 0,
  "abortedTxnCount" : 0,
  "committedTxnCount" : 0,
  "publishers" : [ {
    "msgRateIn" : 4.988575215435725,
    "msgThroughputIn" : 238.15144886671396,
    "averageMsgSize" : 35.80644586894588,
    "chunkedMessageRate" : 0.0,
    "producerId" : 0,
    "supportsPartialProducer" : false
  } ],
  "waitingPublishers" : 0,
  "subscriptions" : {
    "python-consume" : {
      "msgRateOut" : 4.990931124658729,
      "msgThroughputOut" : 238.26456857457688,
      "bytesOutCounter" : 10854,
      "msgOutCounter" : 226,
      "msgRateRedeliver" : 0.0,
      "messageAckRate" : 4.824086656428987,
      "chunkedMessageRate" : 0,
      "msgBacklog" : 2,
      "backlogSize" : 115,
      "earliestMsgPublishTimeInBacklog" : 0,
      "msgBacklogNoDelayed" : 2,
      "blockedSubscriptionOnUnackedMsgs" : false,
      "msgDelayed" : 0,
      "unackedMessages" : 0,
      "type" : "Exclusive",
      "msgRateExpired" : 0.0,
      "totalMsgExpired" : 0,
      "lastExpireTimestamp" : 0,
      "lastConsumedFlowTimestamp" : 0,
      "lastConsumedTimestamp" : 0,
      "lastAckedTimestamp" : 0,
      "lastMarkDeleteAdvancedTimestamp" : 0,
      "consumers" : [ {
        "msgRateOut" : 4.990931124658729,
        "msgThroughputOut" : 238.26456857457688,
        "bytesOutCounter" : 10854,
        "msgOutCounter" : 226,
        "msgRateRedeliver" : 0.0,
        "messageAckRate" : 4.824086656428987,
        "chunkedMessageRate" : 0.0,
        "availablePermits" : 11773,
        "unackedMessages" : 0,
        "avgMessagesPerEntry" : 0,
        "blockedConsumerOnUnackedMsgs" : false,
        "lastAckedTimestamp" : 0,
        "lastConsumedTimestamp" : 0,
        "lastConsumedFlowTimestamp" : 0,
        "lastAckedTime" : "1970-01-01T00:00:00Z",
        "lastConsumedTime" : "1970-01-01T00:00:00Z"
      } ],
      "isDurable" : true,
      "isReplicated" : false,
      "allowOutOfOrderDelivery" : false,
      "consumersAfterMarkDeletePosition" : { },
      "nonContiguousDeletedMessagesRanges" : 0,
      "nonContiguousDeletedMessagesRangesSerializedSize" : 0,
      "delayedMessageIndexSizeInBytes" : 0,
      "subscriptionProperties" : { },
      "filterProcessedMsgCount" : 0,
      "filterAcceptedMsgCount" : 0,
      "filterRejectedMsgCount" : 0,
      "filterRescheduledMsgCount" : 0,
      "durable" : true,
      "replicated" : false
    }
  },
  "replication" : { },
  "nonContiguousDeletedMessagesRanges" : 0,
  "nonContiguousDeletedMessagesRangesSerializedSize" : 0,
  "delayedMessageIndexSizeInBytes" : 0,
  "compaction" : {
    "lastCompactionRemovedEventCount" : 0,
    "lastCompactionSucceedTimestamp" : 0,
    "lastCompactionFailedTimestamp" : 0,
    "lastCompactionDurationTimeInMills" : 0
  },
  "metadata" : {
    "partitions" : 12,
    "deleted" : false
  },
  "partitions" : { }
}
