2023-08-10 12:03:07.066 INFO  [0x1088ebe00] Client:90 | Subscribing on Topic :websight/dxp/chaos-topic
2023-08-10 12:03:07.066 INFO  [0x1088ebe00] ClientConnection:184 | [<none> -> pulsar://localhost:6650] Create ClientConnection, timeout=10000
2023-08-10 12:03:07.066 INFO  [0x1088ebe00] ConnectionPool:106 | Created connection for pulsar://localhost:6650
2023-08-10 12:03:07.068 INFO  [0x700000e06000] ClientConnection:382 | [[::1]:60224 -> [::1]:6650] Connected to broker
2023-08-10 12:03:07.774 INFO  [0x700000e06000] HandlerBase:72 | [0x7fc34e658ac8, python-verify-0, 0] Getting connection from pool
2023-08-10 12:03:07.774 INFO  [0x700000e06000] HandlerBase:72 | [0x7fc34e658fe8, python-verify-0, 1] Getting connection from pool
2023-08-10 12:03:07.775 INFO  [0x700000e06000] HandlerBase:72 | [0x7fc34e659b58, python-verify-0, 2] Getting connection from pool
2023-08-10 12:03:07.775 INFO  [0x700000e06000] HandlerBase:72 | [0x7fc34e65a2b8, python-verify-0, 3] Getting connection from pool
2023-08-10 12:03:07.775 INFO  [0x700000e06000] HandlerBase:72 | [0x7fc34e65aa98, python-verify-0, 4] Getting connection from pool
2023-08-10 12:03:07.775 INFO  [0x700000e06000] HandlerBase:72 | [0x7fc34e65b1d8, python-verify-0, 5] Getting connection from pool
2023-08-10 12:03:07.775 INFO  [0x700000e06000] HandlerBase:72 | [0x7fc34e65b948, python-verify-0, 6] Getting connection from pool
2023-08-10 12:03:07.775 INFO  [0x700000e06000] HandlerBase:72 | [0x7fc34e65c088, python-verify-0, 7] Getting connection from pool
2023-08-10 12:03:07.775 INFO  [0x700000e06000] HandlerBase:72 | [0x7fc34e65c848, python-verify-0, 8] Getting connection from pool
2023-08-10 12:03:07.775 INFO  [0x700000e06000] HandlerBase:72 | [0x7fc34e65cf88, python-verify-0, 9] Getting connection from pool
2023-08-10 12:03:07.775 INFO  [0x700000e06000] HandlerBase:72 | [0x7fc34e65d748, python-verify-0, 10] Getting connection from pool
2023-08-10 12:03:07.775 INFO  [0x700000e06000] HandlerBase:72 | [0x7fc34e65de88, python-verify-0, 11] Getting connection from pool
2023-08-10 12:03:08.383 INFO  [0x700000e06000] ClientConnection:184 | [<none> -> pulsar://localhost:6650] Create ClientConnection, timeout=10000
2023-08-10 12:03:08.383 INFO  [0x700000e06000] ConnectionPool:106 | Created connection for pulsar://pulsar-broker-0.pulsar-broker.pulsar.svc.cluster.local:6650
2023-08-10 12:03:08.385 INFO  [0x700000e06000] ClientConnection:384 | [[::1]:60225 -> [::1]:6650] Connected to broker through proxy. Logical broker: pulsar://pulsar-broker-0.pulsar-broker.pulsar.svc.cluster.local:6650
2023-08-10 12:03:08.402 INFO  [0x700000e06000] ClientConnection:184 | [<none> -> pulsar://localhost:6650] Create ClientConnection, timeout=10000
2023-08-10 12:03:08.402 INFO  [0x700000e06000] ConnectionPool:106 | Created connection for pulsar://pulsar-broker-1.pulsar-broker.pulsar.svc.cluster.local:6650
2023-08-10 12:03:08.404 INFO  [0x700000e06000] ClientConnection:384 | [[::1]:60226 -> [::1]:6650] Connected to broker through proxy. Logical broker: pulsar://pulsar-broker-1.pulsar-broker.pulsar.svc.cluster.local:6650
2023-08-10 12:03:08.578 INFO  [0x700000e06000] ClientConnection:184 | [<none> -> pulsar://localhost:6650] Create ClientConnection, timeout=10000
2023-08-10 12:03:08.579 INFO  [0x700000e06000] ConnectionPool:106 | Created connection for pulsar://pulsar-broker-2.pulsar-broker.pulsar.svc.cluster.local:6650
2023-08-10 12:03:08.579 INFO  [0x700000e06000] ClientConnection:384 | [[::1]:60227 -> [::1]:6650] Connected to broker through proxy. Logical broker: pulsar://pulsar-broker-2.pulsar-broker.pulsar.svc.cluster.local:6650
2023-08-10 12:03:09.100 INFO  [0x700000e06000] ConsumerImpl:282 | [0x7fc34e65b948, python-verify-0, 6] Created consumer on broker [[::1]:60225 -> [::1]:6650] 
2023-08-10 12:03:09.101 INFO  [0x700000e06000] MultiTopicsConsumerImpl:304 | Successfully Subscribed to a single partition of topic in TopicsConsumer. Partitions need to create : 11
2023-08-10 12:03:09.101 INFO  [0x700000e06000] ConsumerImpl:282 | [0x7fc34e65d748, python-verify-0, 10] Created consumer on broker [[::1]:60225 -> [::1]:6650] 
2023-08-10 12:03:09.101 INFO  [0x700000e06000] MultiTopicsConsumerImpl:304 | Successfully Subscribed to a single partition of topic in TopicsConsumer. Partitions need to create : 10
2023-08-10 12:03:09.101 INFO  [0x700000e06000] ConsumerImpl:282 | [0x7fc34e659b58, python-verify-0, 2] Created consumer on broker [[::1]:60225 -> [::1]:6650] 
2023-08-10 12:03:09.101 INFO  [0x700000e06000] MultiTopicsConsumerImpl:304 | Successfully Subscribed to a single partition of topic in TopicsConsumer. Partitions need to create : 9
2023-08-10 12:03:09.103 INFO  [0x700000e06000] ConsumerImpl:282 | [0x7fc34e65cf88, python-verify-0, 9] Created consumer on broker [[::1]:60225 -> [::1]:6650] 
2023-08-10 12:03:09.103 INFO  [0x700000e06000] MultiTopicsConsumerImpl:304 | Successfully Subscribed to a single partition of topic in TopicsConsumer. Partitions need to create : 8
2023-08-10 12:03:09.103 INFO  [0x700000e06000] ConsumerImpl:282 | [0x7fc34e65b1d8, python-verify-0, 5] Created consumer on broker [[::1]:60225 -> [::1]:6650] 
2023-08-10 12:03:09.103 INFO  [0x700000e06000] MultiTopicsConsumerImpl:304 | Successfully Subscribed to a single partition of topic in TopicsConsumer. Partitions need to create : 7
2023-08-10 12:03:09.112 INFO  [0x700000e06000] ConsumerImpl:282 | [0x7fc34e658fe8, python-verify-0, 1] Created consumer on broker [[::1]:60225 -> [::1]:6650] 
2023-08-10 12:03:09.112 INFO  [0x700000e06000] MultiTopicsConsumerImpl:304 | Successfully Subscribed to a single partition of topic in TopicsConsumer. Partitions need to create : 6
2023-08-10 12:03:09.122 INFO  [0x700000e06000] ConsumerImpl:282 | [0x7fc34e65aa98, python-verify-0, 4] Created consumer on broker [[::1]:60226 -> [::1]:6650] 
2023-08-10 12:03:09.122 INFO  [0x700000e06000] MultiTopicsConsumerImpl:304 | Successfully Subscribed to a single partition of topic in TopicsConsumer. Partitions need to create : 5
2023-08-10 12:03:09.129 INFO  [0x700000e06000] ConsumerImpl:282 | [0x7fc34e65c848, python-verify-0, 8] Created consumer on broker [[::1]:60226 -> [::1]:6650] 
2023-08-10 12:03:09.129 INFO  [0x700000e06000] MultiTopicsConsumerImpl:304 | Successfully Subscribed to a single partition of topic in TopicsConsumer. Partitions need to create : 4
2023-08-10 12:03:09.178 INFO  [0x700000e06000] ConsumerImpl:282 | [0x7fc34e658ac8, python-verify-0, 0] Created consumer on broker [[::1]:60226 -> [::1]:6650] 
2023-08-10 12:03:09.178 INFO  [0x700000e06000] MultiTopicsConsumerImpl:304 | Successfully Subscribed to a single partition of topic in TopicsConsumer. Partitions need to create : 3
2023-08-10 12:03:09.327 INFO  [0x700000e06000] ConsumerImpl:282 | [0x7fc34e65de88, python-verify-0, 11] Created consumer on broker [[::1]:60227 -> [::1]:6650] 
2023-08-10 12:03:09.327 INFO  [0x700000e06000] MultiTopicsConsumerImpl:304 | Successfully Subscribed to a single partition of topic in TopicsConsumer. Partitions need to create : 2
2023-08-10 12:03:09.327 INFO  [0x700000e06000] ConsumerImpl:282 | [0x7fc34e65a2b8, python-verify-0, 3] Created consumer on broker [[::1]:60227 -> [::1]:6650] 
2023-08-10 12:03:09.327 INFO  [0x700000e06000] MultiTopicsConsumerImpl:304 | Successfully Subscribed to a single partition of topic in TopicsConsumer. Partitions need to create : 1
2023-08-10 12:03:09.332 INFO  [0x700000e06000] ConsumerImpl:282 | [0x7fc34e65c088, python-verify-0, 7] Created consumer on broker [[::1]:60227 -> [::1]:6650] 
2023-08-10 12:03:09.332 INFO  [0x700000e06000] MultiTopicsConsumerImpl:304 | Successfully Subscribed to a single partition of topic in TopicsConsumer. Partitions need to create : 0
2023-08-10 12:03:09.332 INFO  [0x700000e06000] MultiTopicsConsumerImpl:146 | Successfully Subscribed to Topics
Received message: 'b'hello-pulsar-8''
Received message: 'b'hello-pulsar-20''
Received message: 'b'hello-pulsar-32''
Received message: 'b'hello-pulsar-44''
Received message: 'b'hello-pulsar-56''
Received message: 'b'hello-pulsar-68''
Received message: 'b'hello-pulsar-80''
Received message: 'b'hello-pulsar-92''
Received message: 'b'hello-pulsar-104''
Received message: 'b'hello-pulsar-116''
Received message: 'b'hello-pulsar-128''
Received message: 'b'hello-pulsar-140''
Received message: 'b'hello-pulsar-152''
Received message: 'b'hello-pulsar-164''
Received message: 'b'hello-pulsar-176''
Received message: 'b'hello-pulsar-188''
Received message: 'b'hello-pulsar-200''
Received message: 'b'hello-pulsar-212''
Received message: 'b'hello-pulsar-224''
Received message: 'b'hello-pulsar-236''
Received message: 'b'hello-pulsar-248''
Received message: 'b'hello-pulsar-260''
Received message: 'b'hello-pulsar-272''
Traceback (most recent call last):
  File "/Users/michalcukierman/IdeaProjects/websight-io/chaos_test/consumer_verify.py", line 9, in <module>
    msg = consumer.receive(5000)
          ^^^^^^^^^^^^^^^^^^^^^^
  File "/usr/local/lib/python3.11/site-packages/pulsar/__init__.py", line 1277, in receive
    msg = self._consumer.receive(timeout_millis)
          ^^^^^^^^^^^^^^^^^^^^^^^^^^^^^^^^^^^^^^
_pulsar.Timeout: Pulsar error: TimeOut
2023-08-10 12:03:14.365 WARN  [0x1088ebe00] ConsumerImpl:151 | [0x7fc34e65de88, python-verify-0, 11] Destroyed consumer which was not properly closed
2023-08-10 12:03:14.365 INFO  [0x1088ebe00] ConsumerImpl:159 | [0x7fc34e65de88, python-verify-0, 11] Closed consumer for race condition: 11
2023-08-10 12:03:14.365 WARN  [0x1088ebe00] ConsumerImpl:151 | [0x7fc34e659b58, python-verify-0, 2] Destroyed consumer which was not properly closed
2023-08-10 12:03:14.365 INFO  [0x1088ebe00] ConsumerImpl:159 | [0x7fc34e659b58, python-verify-0, 2] Closed consumer for race condition: 2
2023-08-10 12:03:14.365 WARN  [0x1088ebe00] ConsumerImpl:151 | [0x7fc34e65d748, python-verify-0, 10] Destroyed consumer which was not properly closed
2023-08-10 12:03:14.365 INFO  [0x1088ebe00] ConsumerImpl:159 | [0x7fc34e65d748, python-verify-0, 10] Closed consumer for race condition: 10
2023-08-10 12:03:14.365 WARN  [0x1088ebe00] ConsumerImpl:151 | [0x7fc34e65b1d8, python-verify-0, 5] Destroyed consumer which was not properly closed
2023-08-10 12:03:14.365 INFO  [0x1088ebe00] ConsumerImpl:159 | [0x7fc34e65b1d8, python-verify-0, 5] Closed consumer for race condition: 5
2023-08-10 12:03:14.365 WARN  [0x1088ebe00] ConsumerImpl:151 | [0x7fc34e65c088, python-verify-0, 7] Destroyed consumer which was not properly closed
2023-08-10 12:03:14.365 INFO  [0x1088ebe00] ConsumerImpl:159 | [0x7fc34e65c088, python-verify-0, 7] Closed consumer for race condition: 7
2023-08-10 12:03:14.365 WARN  [0x1088ebe00] ConsumerImpl:151 | [0x7fc34e65b948, python-verify-0, 6] Destroyed consumer which was not properly closed
2023-08-10 12:03:14.365 INFO  [0x1088ebe00] ConsumerImpl:159 | [0x7fc34e65b948, python-verify-0, 6] Closed consumer for race condition: 6
2023-08-10 12:03:14.365 WARN  [0x1088ebe00] ConsumerImpl:151 | [0x7fc34e65a2b8, python-verify-0, 3] Destroyed consumer which was not properly closed
2023-08-10 12:03:14.365 INFO  [0x1088ebe00] ConsumerImpl:159 | [0x7fc34e65a2b8, python-verify-0, 3] Closed consumer for race condition: 3
2023-08-10 12:03:14.365 WARN  [0x1088ebe00] ConsumerImpl:151 | [0x7fc34e65aa98, python-verify-0, 4] Destroyed consumer which was not properly closed
2023-08-10 12:03:14.366 INFO  [0x1088ebe00] ConsumerImpl:159 | [0x7fc34e65aa98, python-verify-0, 4] Closed consumer for race condition: 4
2023-08-10 12:03:14.366 WARN  [0x1088ebe00] ConsumerImpl:151 | [0x7fc34e65c848, python-verify-0, 8] Destroyed consumer which was not properly closed
2023-08-10 12:03:14.366 INFO  [0x1088ebe00] ConsumerImpl:159 | [0x7fc34e65c848, python-verify-0, 8] Closed consumer for race condition: 8
2023-08-10 12:03:14.366 WARN  [0x1088ebe00] ConsumerImpl:151 | [0x7fc34e658fe8, python-verify-0, 1] Destroyed consumer which was not properly closed
2023-08-10 12:03:14.366 INFO  [0x1088ebe00] ConsumerImpl:159 | [0x7fc34e658fe8, python-verify-0, 1] Closed consumer for race condition: 1
2023-08-10 12:03:14.366 WARN  [0x1088ebe00] ConsumerImpl:151 | [0x7fc34e65cf88, python-verify-0, 9] Destroyed consumer which was not properly closed
2023-08-10 12:03:14.366 INFO  [0x1088ebe00] ConsumerImpl:159 | [0x7fc34e65cf88, python-verify-0, 9] Closed consumer for race condition: 9
2023-08-10 12:03:14.366 WARN  [0x1088ebe00] ConsumerImpl:151 | [0x7fc34e658ac8, python-verify-0, 0] Destroyed consumer which was not properly closed
2023-08-10 12:03:14.366 INFO  [0x1088ebe00] ConsumerImpl:159 | [0x7fc34e658ac8, python-verify-0, 0] Closed consumer for race condition: 0
2023-08-10 12:03:14.366 INFO  [0x1088ebe00] ClientConnection:1205 | [[::1]:60224 -> [::1]:6650] Connection disconnected
2023-08-10 12:03:14.366 INFO  [0x1088ebe00] ClientConnection:1205 | [[::1]:60225 -> [::1]:6650] Connection disconnected
2023-08-10 12:03:14.366 INFO  [0x700000e06000] ClientConnection:263 | [[::1]:60224 -> [::1]:6650] Destroyed connection
2023-08-10 12:03:14.366 INFO  [0x1088ebe00] ClientConnection:1205 | [[::1]:60226 -> [::1]:6650] Connection disconnected
2023-08-10 12:03:14.366 INFO  [0x1088ebe00] ClientConnection:1205 | [[::1]:60227 -> [::1]:6650] Connection disconnected
2023-08-10 12:03:14.366 INFO  [0x1088ebe00] ClientConnection:263 | [[::1]:60226 -> [::1]:6650] Destroyed connection
2023-08-10 12:03:14.366 INFO  [0x1088ebe00] ClientConnection:263 | [[::1]:60225 -> [::1]:6650] Destroyed connection
2023-08-10 12:03:14.366 INFO  [0x1088ebe00] ClientConnection:263 | [[::1]:60227 -> [::1]:6650] Destroyed connection
